[2018-10-27T13:13:30.999+0200] [Payara 5.183] [INFOS] [NCLS-LOGGING-00009] [javax.enterprise.logging] [tid: _ThreadID=20 _ThreadName=RunLevelControllerThread-1540638810810] [timeMillis: 1540638810999] [levelValue: 800] [[
  Running Payara Version: Payara Server  5.183 #badassfish (build 380)]]

[2018-10-27T13:13:31.003+0200] [Payara 5.183] [INFOS] [NCLS-LOGGING-00010] [javax.enterprise.logging] [tid: _ThreadID=20 _ThreadName=RunLevelControllerThread-1540638810810] [timeMillis: 1540638811003] [levelValue: 800] [[
  Server log file is using Formatter class: com.sun.enterprise.server.logging.ODLLogFormatter]]

[2018-10-27T13:13:31.668+0200] [Payara 5.183] [INFO] [] [org.hibernate.validator.internal.util.Version] [tid: _ThreadID=20 _ThreadName=RunLevelControllerThread-1540638810810] [timeMillis: 1540638811668] [levelValue: 800] [[
  HV000001: Hibernate Validator 6.0.12.Final]]

[2018-10-27T13:13:32.121+0200] [Payara 5.183] [INFOS] [NCLS-CORE-00101] [javax.enterprise.system.core] [tid: _ThreadID=22 _ThreadName=RunLevelControllerThread-1540638810821] [timeMillis: 1540638812121] [levelValue: 800] [[
  Network Listener http-listener-1 started in: 19ms - bound to [/0.0.0.0:61826]]]

[2018-10-27T13:13:32.148+0200] [Payara 5.183] [INFOS] [NCLS-CORE-00101] [javax.enterprise.system.core] [tid: _ThreadID=22 _ThreadName=RunLevelControllerThread-1540638810821] [timeMillis: 1540638812148] [levelValue: 800] [[
  Network Listener http-listener-2 started in: 0ms - bound to [/0.0.0.0:61829]]]

[2018-10-27T13:13:32.154+0200] [Payara 5.183] [INFOS] [NCLS-CORE-00101] [javax.enterprise.system.core] [tid: _ThreadID=22 _ThreadName=RunLevelControllerThread-1540638810821] [timeMillis: 1540638812154] [levelValue: 800] [[
  Network Listener admin-listener started in: 1ms - bound to [/0.0.0.0:61825]]]

[2018-10-27T13:13:32.156+0200] [Payara 5.183] [INFOS] [NCLS-CORE-00087] [javax.enterprise.system.core] [tid: _ThreadID=22 _ThreadName=RunLevelControllerThread-1540638810821] [timeMillis: 1540638812156] [levelValue: 800] [[
  Grizzly 2.4.3 started in: 746ms - bound to [http-listener-1:61826, http-listener-2:61829, admin-listener:61825]]]

[2018-10-27T13:13:32.327+0200] [Payara 5.183] [INFOS] [] [org.glassfish.ha.store.spi.BackingStoreFactoryRegistry] [tid: _ThreadID=23 _ThreadName=RunLevelControllerThread-1540638810821] [timeMillis: 1540638812327] [levelValue: 800] [[
  Registered fish.payara.ha.hazelcast.store.HazelcastBackingStoreFactoryProxy for persistence-type = hazelcast in BackingStoreFactoryRegistry]]

[2018-10-27T13:13:32.440+0200] [Payara 5.183] [INFOS] [NCLS-CORE-00101] [javax.enterprise.system.core] [tid: _ThreadID=23 _ThreadName=RunLevelControllerThread-1540638810821] [timeMillis: 1540638812440] [levelValue: 800] [[
  Network Listener iiop-service started in: 0ms - bound to [/0.0.0.0:61828]]]

[2018-10-27T13:13:37.093+0200] [Payara 5.183] [INFOS] [] [fish.payara.nucleus.hazelcast.HazelcastCore] [tid: _ThreadID=20 _ThreadName=RunLevelControllerThread-1540638810810] [timeMillis: 1540638817093] [levelValue: 800] [[
  Hazelcast Instance Bound to JNDI at payara/Hazelcast]]

[2018-10-27T13:13:37.093+0200] [Payara 5.183] [INFOS] [] [fish.payara.nucleus.hazelcast.HazelcastCore] [tid: _ThreadID=20 _ThreadName=RunLevelControllerThread-1540638810810] [timeMillis: 1540638817093] [levelValue: 800] [[
  JSR107 Caching Provider Bound to JNDI at payara/CachingProvider]]

[2018-10-27T13:13:37.093+0200] [Payara 5.183] [INFOS] [] [fish.payara.nucleus.hazelcast.HazelcastCore] [tid: _ThreadID=20 _ThreadName=RunLevelControllerThread-1540638810810] [timeMillis: 1540638817093] [levelValue: 800] [[
  JSR107 Default Cache Manager Bound to JNDI at payara/CacheManager]]

[2018-10-27T13:13:37.102+0200] [Payara 5.183] [INFOS] [NCLS-CORE-00017] [javax.enterprise.system.core] [tid: _ThreadID=1 _ThreadName=main] [timeMillis: 1540638817102] [levelValue: 800] [[
  Payara Server  5.183 #badassfish (380) startup time : Felix (12 901ms), startup services(6 298ms), total(19 199ms)]]

[2018-10-27T13:13:37.100+0200] [Payara 5.183] [INFOS] [] [fish.payara.nucleus.cluster.PayaraCluster] [tid: _ThreadID=106 _ThreadName=Executor-Service-10] [timeMillis: 1540638817100] [levelValue: 800] [[
  Data Grid Status 
Payara Data Grid State: DG Version: 35 DG Size: 1
Instances: {
Address: /192.168.1.13:4900 UUID: 36f9f5af-e6aa-4278-8d1d-91c3a9fb01e8 Lite: false This: true Name: server Group: server-config
}]]

[2018-10-27T13:13:37.104+0200] [Payara 5.183] [INFOS] [] [fish.payara.nucleus.notification.NotificationService] [tid: _ThreadID=1 _ThreadName=main] [timeMillis: 1540638817104] [levelValue: 800] [[
  Payara Notification Service bootstrapped with configuration: NotificationExecutionOptions{enabled=true, notifierConfigurationExecutionOptionsList={LOG=LogNotifierConfigurationExecutionOptions{useSeparateLogFile=false} NotifierConfigurationExecutionOptions{notifierType=LOG, enabled=true, noisy=true}}}]]

[2018-10-27T13:13:37.683+0200] [Payara 5.183] [INFOS] [NCLS-JMX-00005] [javax.enterprise.system.jmx] [tid: _ThreadID=112 _ThreadName=Thread-13] [timeMillis: 1540638817683] [levelValue: 800] [[
  JMXStartupService has started JMXConnector on JMXService URL service:jmx:rmi://0.0.0.0:61832/jndi/rmi://0.0.0.0:61832/jmxrmi]]

[2018-10-27T13:13:37.975+0200] [Payara 5.183] [INFOS] [NCLS-CORE-00101] [javax.enterprise.system.core] [tid: _ThreadID=22 _ThreadName=RunLevelControllerThread-1540638810821] [timeMillis: 1540638817975] [levelValue: 800] [[
  Network Listener JMS_PROXY_default_JMS_host started in: 16ms - bound to [/0.0.0.0:61827]]]

[2018-10-27T13:14:34.787+0200] [Payara 5.183] [INFOS] [NCLS-SECURITY-01002] [javax.enterprise.system.core.security] [tid: _ThreadID=50 _ThreadName=admin-thread-pool::admin-listener(1)] [timeMillis: 1540638874787] [levelValue: 800] [[
  Java security manager is disabled.]]

[2018-10-27T13:14:34.788+0200] [Payara 5.183] [INFOS] [NCLS-SECURITY-01010] [javax.enterprise.system.core.security] [tid: _ThreadID=50 _ThreadName=admin-thread-pool::admin-listener(1)] [timeMillis: 1540638874788] [levelValue: 800] [[
  Entering Security Startup Service.]]

[2018-10-27T13:14:34.791+0200] [Payara 5.183] [INFOS] [NCLS-SECURITY-01143] [javax.enterprise.system.core.security] [tid: _ThreadID=50 _ThreadName=admin-thread-pool::admin-listener(1)] [timeMillis: 1540638874791] [levelValue: 800] [[
  Loading policy provider com.sun.enterprise.security.provider.PolicyWrapper.]]

[2018-10-27T13:14:34.832+0200] [Payara 5.183] [INFOS] [NCLS-SECURITY-01011] [javax.enterprise.system.core.security] [tid: _ThreadID=50 _ThreadName=admin-thread-pool::admin-listener(1)] [timeMillis: 1540638874832] [levelValue: 800] [[
  Security Service(s) started successfully.]]

[2018-10-27T13:14:35.149+0200] [Payara 5.183] [INFOS] [AS-WEB-GLUE-00198] [javax.enterprise.web] [tid: _ThreadID=50 _ThreadName=admin-thread-pool::admin-listener(1)] [timeMillis: 1540638875149] [levelValue: 800] [[
  Created HTTP listener http-listener-1 on host/port 0.0.0.0:61826]]

[2018-10-27T13:14:35.161+0200] [Payara 5.183] [INFOS] [AS-WEB-GLUE-00198] [javax.enterprise.web] [tid: _ThreadID=50 _ThreadName=admin-thread-pool::admin-listener(1)] [timeMillis: 1540638875161] [levelValue: 800] [[
  Created HTTP listener http-listener-2 on host/port 0.0.0.0:61829]]

[2018-10-27T13:14:35.164+0200] [Payara 5.183] [INFOS] [AS-WEB-GLUE-00198] [javax.enterprise.web] [tid: _ThreadID=50 _ThreadName=admin-thread-pool::admin-listener(1)] [timeMillis: 1540638875164] [levelValue: 800] [[
  Created HTTP listener admin-listener on host/port 0.0.0.0:61825]]

[2018-10-27T13:14:35.188+0200] [Payara 5.183] [INFOS] [AS-WEB-GLUE-00200] [javax.enterprise.web] [tid: _ThreadID=50 _ThreadName=admin-thread-pool::admin-listener(1)] [timeMillis: 1540638875188] [levelValue: 800] [[
  Created virtual server server]]

[2018-10-27T13:14:35.192+0200] [Payara 5.183] [INFOS] [AS-WEB-GLUE-00200] [javax.enterprise.web] [tid: _ThreadID=50 _ThreadName=admin-thread-pool::admin-listener(1)] [timeMillis: 1540638875192] [levelValue: 800] [[
  Created virtual server __asadmin]]

[2018-10-27T13:14:35.437+0200] [Payara 5.183] [INFOS] [AS-WEB-CORE-00306] [javax.enterprise.web.core] [tid: _ThreadID=50 _ThreadName=admin-thread-pool::admin-listener(1)] [timeMillis: 1540638875437] [levelValue: 800] [[
  Setting JAAS app name glassfish-web]]

[2018-10-27T13:14:35.439+0200] [Payara 5.183] [INFOS] [AS-WEB-GLUE-00201] [javax.enterprise.web] [tid: _ThreadID=50 _ThreadName=admin-thread-pool::admin-listener(1)] [timeMillis: 1540638875439] [levelValue: 800] [[
  Virtual server server loaded default web module ]]

[2018-10-27T13:14:37.451+0200] [Payara 5.183] [INFOS] [AS-WEB-GLUE-00172] [javax.enterprise.web] [tid: _ThreadID=50 _ThreadName=admin-thread-pool::admin-listener(1)] [timeMillis: 1540638877451] [levelValue: 800] [[
  Loading application [PAPWeb] at [/PAPWeb]]]

[2018-10-27T13:14:37.580+0200] [Payara 5.183] [INFOS] [] [javax.enterprise.system.core] [tid: _ThreadID=50 _ThreadName=admin-thread-pool::admin-listener(1)] [timeMillis: 1540638877580] [levelValue: 800] [[
  PAPWeb was successfully deployed in 3 274 milliseconds.]]

[2018-10-27T13:16:28.245+0200] [Payara 5.183] [INFOS] [NCLS-CORE-00092] [javax.enterprise.system.core] [tid: _ThreadID=171 _ThreadName=Thread-34] [timeMillis: 1540638988245] [levelValue: 800] [[
  Server shutdown initiated]]

[2018-10-27T13:16:28.264+0200] [Payara 5.183] [INFOS] [] [] [tid: _ThreadID=171 _ThreadName=Thread-34] [timeMillis: 1540638988264] [levelValue: 800] [[
  FileMonitoring shutdown]]

[2018-10-27T13:16:28.272+0200] [Payara 5.183] [INFOS] [NCLS-JMX-00002] [javax.enterprise.system.jmx] [tid: _ThreadID=171 _ThreadName=Thread-34] [timeMillis: 1540638988272] [levelValue: 800] [[
  JMXStartupService: Stopped JMXConnectorServer: null]]

[2018-10-27T13:16:28.272+0200] [Payara 5.183] [INFOS] [NCLS-JMX-00001] [javax.enterprise.system.jmx] [tid: _ThreadID=171 _ThreadName=Thread-34] [timeMillis: 1540638988272] [levelValue: 800] [[
  JMXStartupService and JMXConnectors have been shut down.]]

[2018-10-27T13:16:28.344+0200] [Payara 5.183] [INFOS] [] [fish.payara.nucleus.hazelcast.HazelcastCore] [tid: _ThreadID=177 _ThreadName=RunLevelControllerThread-1540638988289] [timeMillis: 1540638988344] [levelValue: 800] [[
  Hazelcast Instance Unbound from JNDI at payara/Hazelcast]]

[2018-10-27T13:16:28.344+0200] [Payara 5.183] [INFOS] [] [fish.payara.nucleus.hazelcast.HazelcastCore] [tid: _ThreadID=177 _ThreadName=RunLevelControllerThread-1540638988289] [timeMillis: 1540638988344] [levelValue: 800] [[
  JSR107 Caching Provider Unbound from JNDI at payara/CachingProvider]]

[2018-10-27T13:16:28.344+0200] [Payara 5.183] [INFOS] [] [fish.payara.nucleus.hazelcast.HazelcastCore] [tid: _ThreadID=177 _ThreadName=RunLevelControllerThread-1540638988289] [timeMillis: 1540638988344] [levelValue: 800] [[
  JSR107 Cache Manager Unbound from JNDI at payara/CacheManager]]

[2018-10-27T13:16:28.372+0200] [Payara 5.183] [INFOS] [] [fish.payara.nucleus.hazelcast.HazelcastCore] [tid: _ThreadID=177 _ThreadName=RunLevelControllerThread-1540638988289] [timeMillis: 1540638988372] [levelValue: 800] [[
  Shutdown Hazelcast]]

[2018-10-27T13:16:28.409+0200] [Payara 5.183] [INFOS] [] [] [tid: _ThreadID=187 _ThreadName=RunLevelControllerThread-1540638988390] [timeMillis: 1540638988409] [levelValue: 800] [[
  JdbcRuntimeExtension,  getAllSystemRAResourcesAndPools = [GlassFishConfigBean.org.glassfish.jdbc.config.JdbcResource, GlassFishConfigBean.org.glassfish.jdbc.config.JdbcResource, GlassFishConfigBean.org.glassfish.jdbc.config.JdbcResource, GlassFishConfigBean.org.glassfish.jdbc.config.JdbcConnectionPool, GlassFishConfigBean.org.glassfish.jdbc.config.JdbcConnectionPool, GlassFishConfigBean.org.glassfish.jdbc.config.JdbcConnectionPool]]]

[2018-10-27T13:16:40.116+0200] [Payara 5.183] [INFOS] [NCLS-LOGGING-00009] [javax.enterprise.logging] [tid: _ThreadID=21 _ThreadName=RunLevelControllerThread-1540639000011] [timeMillis: 1540639000116] [levelValue: 800] [[
  Running Payara Version: Payara Server  5.183 #badassfish (build 380)]]

[2018-10-27T13:16:40.120+0200] [Payara 5.183] [INFOS] [NCLS-LOGGING-00010] [javax.enterprise.logging] [tid: _ThreadID=21 _ThreadName=RunLevelControllerThread-1540639000011] [timeMillis: 1540639000120] [levelValue: 800] [[
  Server log file is using Formatter class: com.sun.enterprise.server.logging.ODLLogFormatter]]

[2018-10-27T13:16:40.824+0200] [Payara 5.183] [INFOS] [] [org.glassfish.ha.store.spi.BackingStoreFactoryRegistry] [tid: _ThreadID=23 _ThreadName=RunLevelControllerThread-1540639000016] [timeMillis: 1540639000824] [levelValue: 800] [[
  Registered fish.payara.ha.hazelcast.store.HazelcastBackingStoreFactoryProxy for persistence-type = hazelcast in BackingStoreFactoryRegistry]]

[2018-10-27T13:16:41.009+0200] [Payara 5.183] [INFOS] [NCLS-CORE-00101] [javax.enterprise.system.core] [tid: _ThreadID=22 _ThreadName=RunLevelControllerThread-1540639000016] [timeMillis: 1540639001009] [levelValue: 800] [[
  Network Listener http-listener-1 started in: 24ms - bound to [/0.0.0.0:61826]]]

[2018-10-27T13:16:41.133+0200] [Payara 5.183] [INFOS] [NCLS-CORE-00101] [javax.enterprise.system.core] [tid: _ThreadID=22 _ThreadName=RunLevelControllerThread-1540639000016] [timeMillis: 1540639001133] [levelValue: 800] [[
  Network Listener http-listener-2 started in: 12ms - bound to [/0.0.0.0:61829]]]

[2018-10-27T13:16:41.141+0200] [Payara 5.183] [INFOS] [NCLS-CORE-00101] [javax.enterprise.system.core] [tid: _ThreadID=22 _ThreadName=RunLevelControllerThread-1540639000016] [timeMillis: 1540639001141] [levelValue: 800] [[
  Network Listener admin-listener started in: 1ms - bound to [/0.0.0.0:61825]]]

[2018-10-27T13:16:41.143+0200] [Payara 5.183] [INFOS] [NCLS-CORE-00087] [javax.enterprise.system.core] [tid: _ThreadID=22 _ThreadName=RunLevelControllerThread-1540639000016] [timeMillis: 1540639001143] [levelValue: 800] [[
  Grizzly 2.4.3 started in: 806ms - bound to [http-listener-1:61826, http-listener-2:61829, admin-listener:61825]]]

[2018-10-27T13:16:41.178+0200] [Payara 5.183] [INFOS] [NCLS-CORE-00101] [javax.enterprise.system.core] [tid: _ThreadID=21 _ThreadName=RunLevelControllerThread-1540639000011] [timeMillis: 1540639001178] [levelValue: 800] [[
  Network Listener iiop-service started in: 1ms - bound to [/0.0.0.0:61828]]]

[2018-10-27T13:16:41.766+0200] [Payara 5.183] [INFOS] [NCLS-SECURITY-01002] [javax.enterprise.system.core.security] [tid: _ThreadID=20 _ThreadName=RunLevelControllerThread-1540639000010] [timeMillis: 1540639001766] [levelValue: 800] [[
  Java security manager is disabled.]]

[2018-10-27T13:16:41.767+0200] [Payara 5.183] [INFOS] [NCLS-SECURITY-01010] [javax.enterprise.system.core.security] [tid: _ThreadID=20 _ThreadName=RunLevelControllerThread-1540639000010] [timeMillis: 1540639001767] [levelValue: 800] [[
  Entering Security Startup Service.]]

[2018-10-27T13:16:41.771+0200] [Payara 5.183] [INFOS] [NCLS-SECURITY-01143] [javax.enterprise.system.core.security] [tid: _ThreadID=20 _ThreadName=RunLevelControllerThread-1540639000010] [timeMillis: 1540639001771] [levelValue: 800] [[
  Loading policy provider com.sun.enterprise.security.provider.PolicyWrapper.]]

[2018-10-27T13:16:41.800+0200] [Payara 5.183] [INFOS] [NCLS-SECURITY-01011] [javax.enterprise.system.core.security] [tid: _ThreadID=20 _ThreadName=RunLevelControllerThread-1540639000010] [timeMillis: 1540639001800] [levelValue: 800] [[
  Security Service(s) started successfully.]]

[2018-10-27T13:16:42.020+0200] [Payara 5.183] [INFOS] [AS-WEB-GLUE-00198] [javax.enterprise.web] [tid: _ThreadID=20 _ThreadName=RunLevelControllerThread-1540639000010] [timeMillis: 1540639002020] [levelValue: 800] [[
  Created HTTP listener http-listener-1 on host/port 0.0.0.0:61826]]

[2018-10-27T13:16:42.030+0200] [Payara 5.183] [INFOS] [AS-WEB-GLUE-00198] [javax.enterprise.web] [tid: _ThreadID=20 _ThreadName=RunLevelControllerThread-1540639000010] [timeMillis: 1540639002030] [levelValue: 800] [[
  Created HTTP listener http-listener-2 on host/port 0.0.0.0:61829]]

[2018-10-27T13:16:42.032+0200] [Payara 5.183] [INFOS] [AS-WEB-GLUE-00198] [javax.enterprise.web] [tid: _ThreadID=20 _ThreadName=RunLevelControllerThread-1540639000010] [timeMillis: 1540639002032] [levelValue: 800] [[
  Created HTTP listener admin-listener on host/port 0.0.0.0:61825]]

[2018-10-27T13:16:42.059+0200] [Payara 5.183] [INFOS] [AS-WEB-GLUE-00200] [javax.enterprise.web] [tid: _ThreadID=20 _ThreadName=RunLevelControllerThread-1540639000010] [timeMillis: 1540639002059] [levelValue: 800] [[
  Created virtual server server]]

[2018-10-27T13:16:42.061+0200] [Payara 5.183] [INFOS] [AS-WEB-GLUE-00200] [javax.enterprise.web] [tid: _ThreadID=20 _ThreadName=RunLevelControllerThread-1540639000010] [timeMillis: 1540639002061] [levelValue: 800] [[
  Created virtual server __asadmin]]

[2018-10-27T13:16:42.216+0200] [Payara 5.183] [INFOS] [AS-WEB-CORE-00306] [javax.enterprise.web.core] [tid: _ThreadID=20 _ThreadName=RunLevelControllerThread-1540639000010] [timeMillis: 1540639002216] [levelValue: 800] [[
  Setting JAAS app name glassfish-web]]

[2018-10-27T13:16:42.217+0200] [Payara 5.183] [INFOS] [AS-WEB-GLUE-00201] [javax.enterprise.web] [tid: _ThreadID=20 _ThreadName=RunLevelControllerThread-1540639000010] [timeMillis: 1540639002217] [levelValue: 800] [[
  Virtual server server loaded default web module ]]

[2018-10-27T13:16:43.533+0200] [Payara 5.183] [INFO] [] [org.hibernate.validator.internal.util.Version] [tid: _ThreadID=20 _ThreadName=RunLevelControllerThread-1540639000010] [timeMillis: 1540639003533] [levelValue: 800] [[
  HV000001: Hibernate Validator 6.0.12.Final]]

[2018-10-27T13:16:44.617+0200] [Payara 5.183] [INFOS] [NCLS-CORE-00022] [javax.enterprise.system.core] [tid: _ThreadID=20 _ThreadName=RunLevelControllerThread-1540639000010] [timeMillis: 1540639004617] [levelValue: 800] [[
  Loading application PAPWeb done in 3 864 ms]]

[2018-10-27T13:16:47.735+0200] [Payara 5.183] [INFOS] [] [fish.payara.nucleus.hazelcast.HazelcastCore] [tid: _ThreadID=20 _ThreadName=RunLevelControllerThread-1540639000010] [timeMillis: 1540639007735] [levelValue: 800] [[
  Hazelcast Instance Bound to JNDI at payara/Hazelcast]]

[2018-10-27T13:16:47.736+0200] [Payara 5.183] [INFOS] [] [fish.payara.nucleus.hazelcast.HazelcastCore] [tid: _ThreadID=20 _ThreadName=RunLevelControllerThread-1540639000010] [timeMillis: 1540639007736] [levelValue: 800] [[
  JSR107 Caching Provider Bound to JNDI at payara/CachingProvider]]

[2018-10-27T13:16:47.736+0200] [Payara 5.183] [INFOS] [] [fish.payara.nucleus.hazelcast.HazelcastCore] [tid: _ThreadID=20 _ThreadName=RunLevelControllerThread-1540639000010] [timeMillis: 1540639007736] [levelValue: 800] [[
  JSR107 Default Cache Manager Bound to JNDI at payara/CacheManager]]

[2018-10-27T13:16:47.783+0200] [Payara 5.183] [INFOS] [AS-WEB-GLUE-00172] [javax.enterprise.web] [tid: _ThreadID=20 _ThreadName=RunLevelControllerThread-1540639000010] [timeMillis: 1540639007783] [levelValue: 800] [[
  Loading application [PAPWeb] at [/PAPWeb]]]

[2018-10-27T13:16:47.938+0200] [Payara 5.183] [INFOS] [] [fish.payara.nucleus.cluster.PayaraCluster] [tid: _ThreadID=97 _ThreadName=Executor-Service-3] [timeMillis: 1540639007938] [levelValue: 800] [[
  Data Grid Status 
Payara Data Grid State: DG Version: 35 DG Size: 1
Instances: {
Address: /192.168.1.13:4900 UUID: 585e41ed-0873-4507-8f65-538bcb73c1b3 Lite: false This: true Name: server Group: server-config
}]]

[2018-10-27T13:16:47.942+0200] [Payara 5.183] [INFOS] [NCLS-CORE-00017] [javax.enterprise.system.core] [tid: _ThreadID=1 _ThreadName=main] [timeMillis: 1540639007942] [levelValue: 800] [[
  Payara Server  5.183 #badassfish (380) startup time : Felix (2 997ms), startup services(7 938ms), total(10 935ms)]]

[2018-10-27T13:16:47.944+0200] [Payara 5.183] [INFOS] [] [fish.payara.nucleus.notification.NotificationService] [tid: _ThreadID=1 _ThreadName=main] [timeMillis: 1540639007944] [levelValue: 800] [[
  Payara Notification Service bootstrapped with configuration: NotificationExecutionOptions{enabled=true, notifierConfigurationExecutionOptionsList={LOG=LogNotifierConfigurationExecutionOptions{useSeparateLogFile=false} NotifierConfigurationExecutionOptions{notifierType=LOG, enabled=true, noisy=true}}}]]

[2018-10-27T13:16:48.374+0200] [Payara 5.183] [INFOS] [NCLS-CORE-00101] [javax.enterprise.system.core] [tid: _ThreadID=20 _ThreadName=RunLevelControllerThread-1540639000010] [timeMillis: 1540639008374] [levelValue: 800] [[
  Network Listener JMS_PROXY_default_JMS_host started in: 0ms - bound to [/0.0.0.0:61827]]]

[2018-10-27T13:16:48.523+0200] [Payara 5.183] [INFOS] [NCLS-JMX-00005] [javax.enterprise.system.jmx] [tid: _ThreadID=114 _ThreadName=Thread-15] [timeMillis: 1540639008523] [levelValue: 800] [[
  JMXStartupService has started JMXConnector on JMXService URL service:jmx:rmi://0.0.0.0:61832/jndi/rmi://0.0.0.0:61832/jmxrmi]]

[2018-10-27T13:20:33.652+0200] [Payara 5.183] [INFOS] [NCLS-LOGGING-00009] [javax.enterprise.logging] [tid: _ThreadID=21 _ThreadName=RunLevelControllerThread-1540639233464] [timeMillis: 1540639233652] [levelValue: 800] [[
  Running Payara Version: Payara Server  5.183 #badassfish (build 380)]]

[2018-10-27T13:20:33.657+0200] [Payara 5.183] [INFOS] [NCLS-LOGGING-00010] [javax.enterprise.logging] [tid: _ThreadID=21 _ThreadName=RunLevelControllerThread-1540639233464] [timeMillis: 1540639233657] [levelValue: 800] [[
  Server log file is using Formatter class: com.sun.enterprise.server.logging.ODLLogFormatter]]

[2018-10-27T13:20:34.680+0200] [Payara 5.183] [INFOS] [] [org.glassfish.ha.store.spi.BackingStoreFactoryRegistry] [tid: _ThreadID=20 _ThreadName=RunLevelControllerThread-1540639233462] [timeMillis: 1540639234680] [levelValue: 800] [[
  Registered fish.payara.ha.hazelcast.store.HazelcastBackingStoreFactoryProxy for persistence-type = hazelcast in BackingStoreFactoryRegistry]]

[2018-10-27T13:20:35.182+0200] [Payara 5.183] [INFOS] [NCLS-CORE-00101] [javax.enterprise.system.core] [tid: _ThreadID=22 _ThreadName=RunLevelControllerThread-1540639233471] [timeMillis: 1540639235182] [levelValue: 800] [[
  Network Listener http-listener-1 started in: 22ms - bound to [/0.0.0.0:61826]]]

[2018-10-27T13:20:35.207+0200] [Payara 5.183] [INFOS] [NCLS-CORE-00101] [javax.enterprise.system.core] [tid: _ThreadID=22 _ThreadName=RunLevelControllerThread-1540639233471] [timeMillis: 1540639235207] [levelValue: 800] [[
  Network Listener http-listener-2 started in: 1ms - bound to [/0.0.0.0:61829]]]

[2018-10-27T13:20:35.213+0200] [Payara 5.183] [INFOS] [NCLS-CORE-00101] [javax.enterprise.system.core] [tid: _ThreadID=22 _ThreadName=RunLevelControllerThread-1540639233471] [timeMillis: 1540639235213] [levelValue: 800] [[
  Network Listener admin-listener started in: 1ms - bound to [/0.0.0.0:61825]]]

[2018-10-27T13:20:35.216+0200] [Payara 5.183] [INFOS] [NCLS-CORE-00087] [javax.enterprise.system.core] [tid: _ThreadID=22 _ThreadName=RunLevelControllerThread-1540639233471] [timeMillis: 1540639235216] [levelValue: 800] [[
  Grizzly 2.4.3 started in: 988ms - bound to [http-listener-1:61826, http-listener-2:61829, admin-listener:61825]]]

[2018-10-27T13:20:35.285+0200] [Payara 5.183] [INFOS] [NCLS-CORE-00101] [javax.enterprise.system.core] [tid: _ThreadID=20 _ThreadName=RunLevelControllerThread-1540639233462] [timeMillis: 1540639235285] [levelValue: 800] [[
  Network Listener iiop-service started in: 0ms - bound to [/0.0.0.0:61828]]]

[2018-10-27T13:20:36.333+0200] [Payara 5.183] [INFOS] [NCLS-SECURITY-01002] [javax.enterprise.system.core.security] [tid: _ThreadID=21 _ThreadName=RunLevelControllerThread-1540639233464] [timeMillis: 1540639236333] [levelValue: 800] [[
  Java security manager is disabled.]]

[2018-10-27T13:20:36.333+0200] [Payara 5.183] [INFOS] [NCLS-SECURITY-01010] [javax.enterprise.system.core.security] [tid: _ThreadID=21 _ThreadName=RunLevelControllerThread-1540639233464] [timeMillis: 1540639236333] [levelValue: 800] [[
  Entering Security Startup Service.]]

[2018-10-27T13:20:36.337+0200] [Payara 5.183] [INFOS] [NCLS-SECURITY-01143] [javax.enterprise.system.core.security] [tid: _ThreadID=21 _ThreadName=RunLevelControllerThread-1540639233464] [timeMillis: 1540639236337] [levelValue: 800] [[
  Loading policy provider com.sun.enterprise.security.provider.PolicyWrapper.]]

[2018-10-27T13:20:36.400+0200] [Payara 5.183] [INFOS] [NCLS-SECURITY-01011] [javax.enterprise.system.core.security] [tid: _ThreadID=21 _ThreadName=RunLevelControllerThread-1540639233464] [timeMillis: 1540639236400] [levelValue: 800] [[
  Security Service(s) started successfully.]]

[2018-10-27T13:20:37.127+0200] [Payara 5.183] [INFOS] [AS-WEB-GLUE-00198] [javax.enterprise.web] [tid: _ThreadID=21 _ThreadName=RunLevelControllerThread-1540639233464] [timeMillis: 1540639237127] [levelValue: 800] [[
  Created HTTP listener http-listener-1 on host/port 0.0.0.0:61826]]

[2018-10-27T13:20:37.135+0200] [Payara 5.183] [INFOS] [AS-WEB-GLUE-00198] [javax.enterprise.web] [tid: _ThreadID=21 _ThreadName=RunLevelControllerThread-1540639233464] [timeMillis: 1540639237135] [levelValue: 800] [[
  Created HTTP listener http-listener-2 on host/port 0.0.0.0:61829]]

[2018-10-27T13:20:37.137+0200] [Payara 5.183] [INFOS] [AS-WEB-GLUE-00198] [javax.enterprise.web] [tid: _ThreadID=21 _ThreadName=RunLevelControllerThread-1540639233464] [timeMillis: 1540639237137] [levelValue: 800] [[
  Created HTTP listener admin-listener on host/port 0.0.0.0:61825]]

[2018-10-27T13:20:37.194+0200] [Payara 5.183] [INFOS] [AS-WEB-GLUE-00200] [javax.enterprise.web] [tid: _ThreadID=21 _ThreadName=RunLevelControllerThread-1540639233464] [timeMillis: 1540639237194] [levelValue: 800] [[
  Created virtual server server]]

[2018-10-27T13:20:37.201+0200] [Payara 5.183] [INFOS] [AS-WEB-GLUE-00200] [javax.enterprise.web] [tid: _ThreadID=21 _ThreadName=RunLevelControllerThread-1540639233464] [timeMillis: 1540639237201] [levelValue: 800] [[
  Created virtual server __asadmin]]

[2018-10-27T13:20:37.623+0200] [Payara 5.183] [INFOS] [AS-WEB-CORE-00306] [javax.enterprise.web.core] [tid: _ThreadID=21 _ThreadName=RunLevelControllerThread-1540639233464] [timeMillis: 1540639237623] [levelValue: 800] [[
  Setting JAAS app name glassfish-web]]

[2018-10-27T13:20:37.625+0200] [Payara 5.183] [INFOS] [AS-WEB-GLUE-00201] [javax.enterprise.web] [tid: _ThreadID=21 _ThreadName=RunLevelControllerThread-1540639233464] [timeMillis: 1540639237625] [levelValue: 800] [[
  Virtual server server loaded default web module ]]

[2018-10-27T13:20:39.491+0200] [Payara 5.183] [INFO] [] [org.hibernate.validator.internal.util.Version] [tid: _ThreadID=21 _ThreadName=RunLevelControllerThread-1540639233464] [timeMillis: 1540639239491] [levelValue: 800] [[
  HV000001: Hibernate Validator 6.0.12.Final]]

[2018-10-27T13:20:41.420+0200] [Payara 5.183] [INFOS] [NCLS-CORE-00022] [javax.enterprise.system.core] [tid: _ThreadID=21 _ThreadName=RunLevelControllerThread-1540639233464] [timeMillis: 1540639241420] [levelValue: 800] [[
  Loading application PAPWeb done in 6 813 ms]]

[2018-10-27T13:20:44.587+0200] [Payara 5.183] [INFOS] [] [fish.payara.nucleus.hazelcast.HazelcastCore] [tid: _ThreadID=21 _ThreadName=RunLevelControllerThread-1540639233464] [timeMillis: 1540639244587] [levelValue: 800] [[
  Hazelcast Instance Bound to JNDI at payara/Hazelcast]]

[2018-10-27T13:20:44.588+0200] [Payara 5.183] [INFOS] [] [fish.payara.nucleus.hazelcast.HazelcastCore] [tid: _ThreadID=21 _ThreadName=RunLevelControllerThread-1540639233464] [timeMillis: 1540639244588] [levelValue: 800] [[
  JSR107 Caching Provider Bound to JNDI at payara/CachingProvider]]

[2018-10-27T13:20:44.588+0200] [Payara 5.183] [INFOS] [] [fish.payara.nucleus.hazelcast.HazelcastCore] [tid: _ThreadID=21 _ThreadName=RunLevelControllerThread-1540639233464] [timeMillis: 1540639244588] [levelValue: 800] [[
  JSR107 Default Cache Manager Bound to JNDI at payara/CacheManager]]

[2018-10-27T13:20:44.645+0200] [Payara 5.183] [INFOS] [AS-WEB-GLUE-00172] [javax.enterprise.web] [tid: _ThreadID=21 _ThreadName=RunLevelControllerThread-1540639233464] [timeMillis: 1540639244645] [levelValue: 800] [[
  Loading application [PAPWeb] at [/PAPWeb]]]

[2018-10-27T13:20:44.860+0200] [Payara 5.183] [INFOS] [] [fish.payara.nucleus.cluster.PayaraCluster] [tid: _ThreadID=97 _ThreadName=Executor-Service-3] [timeMillis: 1540639244860] [levelValue: 800] [[
  Data Grid Status 
Payara Data Grid State: DG Version: 35 DG Size: 1
Instances: {
Address: /192.168.1.13:4900 UUID: db4d6a37-9711-4d26-ab7a-e09eda5399e7 Lite: false This: true Name: server Group: server-config
}]]

[2018-10-27T13:20:44.862+0200] [Payara 5.183] [INFOS] [NCLS-CORE-00017] [javax.enterprise.system.core] [tid: _ThreadID=1 _ThreadName=main] [timeMillis: 1540639244862] [levelValue: 800] [[
  Payara Server  5.183 #badassfish (380) startup time : Felix (6 002ms), startup services(11 407ms), total(17 409ms)]]

[2018-10-27T13:20:44.866+0200] [Payara 5.183] [INFOS] [] [fish.payara.nucleus.notification.NotificationService] [tid: _ThreadID=1 _ThreadName=main] [timeMillis: 1540639244866] [levelValue: 800] [[
  Payara Notification Service bootstrapped with configuration: NotificationExecutionOptions{enabled=true, notifierConfigurationExecutionOptionsList={LOG=LogNotifierConfigurationExecutionOptions{useSeparateLogFile=false} NotifierConfigurationExecutionOptions{notifierType=LOG, enabled=true, noisy=true}}}]]

[2018-10-27T13:20:45.355+0200] [Payara 5.183] [INFOS] [NCLS-CORE-00101] [javax.enterprise.system.core] [tid: _ThreadID=22 _ThreadName=RunLevelControllerThread-1540639233471] [timeMillis: 1540639245355] [levelValue: 800] [[
  Network Listener JMS_PROXY_default_JMS_host started in: 0ms - bound to [/0.0.0.0:61827]]]

[2018-10-27T13:20:45.558+0200] [Payara 5.183] [INFOS] [NCLS-JMX-00005] [javax.enterprise.system.jmx] [tid: _ThreadID=112 _ThreadName=Thread-15] [timeMillis: 1540639245558] [levelValue: 800] [[
  JMXStartupService has started JMXConnector on JMXService URL service:jmx:rmi://0.0.0.0:61832/jndi/rmi://0.0.0.0:61832/jmxrmi]]

[2018-10-27T13:20:47.151+0200] [Payara 5.183] [INFOS] [AS-WEB-GLUE-00172] [javax.enterprise.web] [tid: _ThreadID=49 _ThreadName=admin-thread-pool::admin-listener(2)] [timeMillis: 1540639247151] [levelValue: 800] [[
  Loading application [PAPWeb] at [/PAPWeb]]]

[2018-10-27T13:20:47.224+0200] [Payara 5.183] [INFOS] [] [javax.enterprise.system.core] [tid: _ThreadID=49 _ThreadName=admin-thread-pool::admin-listener(2)] [timeMillis: 1540639247224] [levelValue: 800] [[
  PAPWeb was successfully deployed in 1 106 milliseconds.]]

[2018-10-27T13:27:12.461+0200] [Payara 5.183] [INFOS] [NCLS-CORE-00092] [javax.enterprise.system.core] [tid: _ThreadID=168 _ThreadName=Thread-32] [timeMillis: 1540639632461] [levelValue: 800] [[
  Server shutdown initiated]]

[2018-10-27T13:27:12.476+0200] [Payara 5.183] [INFOS] [] [] [tid: _ThreadID=168 _ThreadName=Thread-32] [timeMillis: 1540639632476] [levelValue: 800] [[
  FileMonitoring shutdown]]

[2018-10-27T13:27:12.487+0200] [Payara 5.183] [INFOS] [NCLS-JMX-00002] [javax.enterprise.system.jmx] [tid: _ThreadID=168 _ThreadName=Thread-32] [timeMillis: 1540639632487] [levelValue: 800] [[
  JMXStartupService: Stopped JMXConnectorServer: null]]

[2018-10-27T13:27:12.488+0200] [Payara 5.183] [INFOS] [NCLS-JMX-00001] [javax.enterprise.system.jmx] [tid: _ThreadID=168 _ThreadName=Thread-32] [timeMillis: 1540639632488] [levelValue: 800] [[
  JMXStartupService and JMXConnectors have been shut down.]]

[2018-10-27T13:27:12.628+0200] [Payara 5.183] [INFOS] [] [fish.payara.nucleus.hazelcast.HazelcastCore] [tid: _ThreadID=173 _ThreadName=RunLevelControllerThread-1540639632541] [timeMillis: 1540639632628] [levelValue: 800] [[
  Hazelcast Instance Unbound from JNDI at payara/Hazelcast]]

[2018-10-27T13:27:12.629+0200] [Payara 5.183] [INFOS] [] [fish.payara.nucleus.hazelcast.HazelcastCore] [tid: _ThreadID=173 _ThreadName=RunLevelControllerThread-1540639632541] [timeMillis: 1540639632629] [levelValue: 800] [[
  JSR107 Caching Provider Unbound from JNDI at payara/CachingProvider]]

[2018-10-27T13:27:12.629+0200] [Payara 5.183] [INFOS] [] [fish.payara.nucleus.hazelcast.HazelcastCore] [tid: _ThreadID=173 _ThreadName=RunLevelControllerThread-1540639632541] [timeMillis: 1540639632629] [levelValue: 800] [[
  JSR107 Cache Manager Unbound from JNDI at payara/CacheManager]]

[2018-10-27T13:27:12.667+0200] [Payara 5.183] [INFOS] [] [fish.payara.nucleus.hazelcast.HazelcastCore] [tid: _ThreadID=173 _ThreadName=RunLevelControllerThread-1540639632541] [timeMillis: 1540639632667] [levelValue: 800] [[
  Shutdown Hazelcast]]

[2018-10-27T13:27:12.709+0200] [Payara 5.183] [INFOS] [] [] [tid: _ThreadID=172 _ThreadName=RunLevelControllerThread-1540639632541] [timeMillis: 1540639632709] [levelValue: 800] [[
  JdbcRuntimeExtension,  getAllSystemRAResourcesAndPools = [GlassFishConfigBean.org.glassfish.jdbc.config.JdbcResource, GlassFishConfigBean.org.glassfish.jdbc.config.JdbcResource, GlassFishConfigBean.org.glassfish.jdbc.config.JdbcResource, GlassFishConfigBean.org.glassfish.jdbc.config.JdbcConnectionPool, GlassFishConfigBean.org.glassfish.jdbc.config.JdbcConnectionPool, GlassFishConfigBean.org.glassfish.jdbc.config.JdbcConnectionPool]]]

[2018-10-27T13:27:25.323+0200] [Payara 5.183] [INFOS] [NCLS-LOGGING-00009] [javax.enterprise.logging] [tid: _ThreadID=21 _ThreadName=RunLevelControllerThread-1540639645231] [timeMillis: 1540639645323] [levelValue: 800] [[
  Running Payara Version: Payara Server  5.183 #badassfish (build 380)]]

[2018-10-27T13:27:25.326+0200] [Payara 5.183] [INFOS] [NCLS-LOGGING-00010] [javax.enterprise.logging] [tid: _ThreadID=21 _ThreadName=RunLevelControllerThread-1540639645231] [timeMillis: 1540639645326] [levelValue: 800] [[
  Server log file is using Formatter class: com.sun.enterprise.server.logging.ODLLogFormatter]]

[2018-10-27T13:27:25.904+0200] [Payara 5.183] [INFOS] [] [org.glassfish.ha.store.spi.BackingStoreFactoryRegistry] [tid: _ThreadID=23 _ThreadName=RunLevelControllerThread-1540639645235] [timeMillis: 1540639645904] [levelValue: 800] [[
  Registered fish.payara.ha.hazelcast.store.HazelcastBackingStoreFactoryProxy for persistence-type = hazelcast in BackingStoreFactoryRegistry]]

[2018-10-27T13:27:26.112+0200] [Payara 5.183] [INFOS] [NCLS-CORE-00101] [javax.enterprise.system.core] [tid: _ThreadID=22 _ThreadName=RunLevelControllerThread-1540639645235] [timeMillis: 1540639646112] [levelValue: 800] [[
  Network Listener http-listener-1 started in: 13ms - bound to [/0.0.0.0:61826]]]

[2018-10-27T13:27:26.135+0200] [Payara 5.183] [INFOS] [NCLS-CORE-00101] [javax.enterprise.system.core] [tid: _ThreadID=22 _ThreadName=RunLevelControllerThread-1540639645235] [timeMillis: 1540639646135] [levelValue: 800] [[
  Network Listener http-listener-2 started in: 3ms - bound to [/0.0.0.0:61829]]]

[2018-10-27T13:27:26.142+0200] [Payara 5.183] [INFOS] [NCLS-CORE-00101] [javax.enterprise.system.core] [tid: _ThreadID=22 _ThreadName=RunLevelControllerThread-1540639645235] [timeMillis: 1540639646142] [levelValue: 800] [[
  Network Listener admin-listener started in: 1ms - bound to [/0.0.0.0:61825]]]

[2018-10-27T13:27:26.145+0200] [Payara 5.183] [INFOS] [NCLS-CORE-00087] [javax.enterprise.system.core] [tid: _ThreadID=22 _ThreadName=RunLevelControllerThread-1540639645235] [timeMillis: 1540639646145] [levelValue: 800] [[
  Grizzly 2.4.3 started in: 658ms - bound to [http-listener-1:61826, http-listener-2:61829, admin-listener:61825]]]

[2018-10-27T13:27:26.197+0200] [Payara 5.183] [INFOS] [NCLS-CORE-00101] [javax.enterprise.system.core] [tid: _ThreadID=23 _ThreadName=RunLevelControllerThread-1540639645235] [timeMillis: 1540639646197] [levelValue: 800] [[
  Network Listener iiop-service started in: 1ms - bound to [/0.0.0.0:61828]]]

[2018-10-27T13:27:26.661+0200] [Payara 5.183] [INFOS] [NCLS-SECURITY-01002] [javax.enterprise.system.core.security] [tid: _ThreadID=20 _ThreadName=RunLevelControllerThread-1540639645230] [timeMillis: 1540639646661] [levelValue: 800] [[
  Java security manager is disabled.]]

[2018-10-27T13:27:26.662+0200] [Payara 5.183] [INFOS] [NCLS-SECURITY-01010] [javax.enterprise.system.core.security] [tid: _ThreadID=20 _ThreadName=RunLevelControllerThread-1540639645230] [timeMillis: 1540639646662] [levelValue: 800] [[
  Entering Security Startup Service.]]

[2018-10-27T13:27:26.665+0200] [Payara 5.183] [INFOS] [NCLS-SECURITY-01143] [javax.enterprise.system.core.security] [tid: _ThreadID=20 _ThreadName=RunLevelControllerThread-1540639645230] [timeMillis: 1540639646665] [levelValue: 800] [[
  Loading policy provider com.sun.enterprise.security.provider.PolicyWrapper.]]

[2018-10-27T13:27:26.691+0200] [Payara 5.183] [INFOS] [NCLS-SECURITY-01011] [javax.enterprise.system.core.security] [tid: _ThreadID=20 _ThreadName=RunLevelControllerThread-1540639645230] [timeMillis: 1540639646691] [levelValue: 800] [[
  Security Service(s) started successfully.]]

[2018-10-27T13:27:26.914+0200] [Payara 5.183] [INFOS] [AS-WEB-GLUE-00198] [javax.enterprise.web] [tid: _ThreadID=20 _ThreadName=RunLevelControllerThread-1540639645230] [timeMillis: 1540639646914] [levelValue: 800] [[
  Created HTTP listener http-listener-1 on host/port 0.0.0.0:61826]]

[2018-10-27T13:27:26.921+0200] [Payara 5.183] [INFOS] [AS-WEB-GLUE-00198] [javax.enterprise.web] [tid: _ThreadID=20 _ThreadName=RunLevelControllerThread-1540639645230] [timeMillis: 1540639646921] [levelValue: 800] [[
  Created HTTP listener http-listener-2 on host/port 0.0.0.0:61829]]

[2018-10-27T13:27:26.922+0200] [Payara 5.183] [INFOS] [AS-WEB-GLUE-00198] [javax.enterprise.web] [tid: _ThreadID=20 _ThreadName=RunLevelControllerThread-1540639645230] [timeMillis: 1540639646922] [levelValue: 800] [[
  Created HTTP listener admin-listener on host/port 0.0.0.0:61825]]

[2018-10-27T13:27:26.948+0200] [Payara 5.183] [INFOS] [AS-WEB-GLUE-00200] [javax.enterprise.web] [tid: _ThreadID=20 _ThreadName=RunLevelControllerThread-1540639645230] [timeMillis: 1540639646948] [levelValue: 800] [[
  Created virtual server server]]

[2018-10-27T13:27:26.950+0200] [Payara 5.183] [INFOS] [AS-WEB-GLUE-00200] [javax.enterprise.web] [tid: _ThreadID=20 _ThreadName=RunLevelControllerThread-1540639645230] [timeMillis: 1540639646950] [levelValue: 800] [[
  Created virtual server __asadmin]]

[2018-10-27T13:27:27.113+0200] [Payara 5.183] [INFOS] [AS-WEB-CORE-00306] [javax.enterprise.web.core] [tid: _ThreadID=20 _ThreadName=RunLevelControllerThread-1540639645230] [timeMillis: 1540639647113] [levelValue: 800] [[
  Setting JAAS app name glassfish-web]]

[2018-10-27T13:27:27.115+0200] [Payara 5.183] [INFOS] [AS-WEB-GLUE-00201] [javax.enterprise.web] [tid: _ThreadID=20 _ThreadName=RunLevelControllerThread-1540639645230] [timeMillis: 1540639647115] [levelValue: 800] [[
  Virtual server server loaded default web module ]]

[2018-10-27T13:27:28.241+0200] [Payara 5.183] [INFO] [] [org.hibernate.validator.internal.util.Version] [tid: _ThreadID=20 _ThreadName=RunLevelControllerThread-1540639645230] [timeMillis: 1540639648241] [levelValue: 800] [[
  HV000001: Hibernate Validator 6.0.12.Final]]

[2018-10-27T13:27:29.122+0200] [Payara 5.183] [INFOS] [NCLS-CORE-00022] [javax.enterprise.system.core] [tid: _ThreadID=20 _ThreadName=RunLevelControllerThread-1540639645230] [timeMillis: 1540639649122] [levelValue: 800] [[
  Loading application PAPWeb done in 3 235 ms]]

[2018-10-27T13:27:32.059+0200] [Payara 5.183] [INFOS] [] [fish.payara.nucleus.hazelcast.HazelcastCore] [tid: _ThreadID=20 _ThreadName=RunLevelControllerThread-1540639645230] [timeMillis: 1540639652059] [levelValue: 800] [[
  Hazelcast Instance Bound to JNDI at payara/Hazelcast]]

[2018-10-27T13:27:32.059+0200] [Payara 5.183] [INFOS] [] [fish.payara.nucleus.hazelcast.HazelcastCore] [tid: _ThreadID=20 _ThreadName=RunLevelControllerThread-1540639645230] [timeMillis: 1540639652059] [levelValue: 800] [[
  JSR107 Caching Provider Bound to JNDI at payara/CachingProvider]]

[2018-10-27T13:27:32.060+0200] [Payara 5.183] [INFOS] [] [fish.payara.nucleus.hazelcast.HazelcastCore] [tid: _ThreadID=20 _ThreadName=RunLevelControllerThread-1540639645230] [timeMillis: 1540639652060] [levelValue: 800] [[
  JSR107 Default Cache Manager Bound to JNDI at payara/CacheManager]]

[2018-10-27T13:27:32.098+0200] [Payara 5.183] [INFOS] [AS-WEB-GLUE-00172] [javax.enterprise.web] [tid: _ThreadID=20 _ThreadName=RunLevelControllerThread-1540639645230] [timeMillis: 1540639652098] [levelValue: 800] [[
  Loading application [PAPWeb] at [/PAPWeb]]]

[2018-10-27T13:27:32.222+0200] [Payara 5.183] [INFOS] [] [fish.payara.nucleus.cluster.PayaraCluster] [tid: _ThreadID=96 _ThreadName=Executor-Service-3] [timeMillis: 1540639652222] [levelValue: 800] [[
  Data Grid Status 
Payara Data Grid State: DG Version: 35 DG Size: 1
Instances: {
Address: /192.168.1.13:4900 UUID: 8532d8fd-a93e-46ba-b492-f6734ac037b9 Lite: false This: true Name: server Group: server-config
}]]

[2018-10-27T13:27:32.226+0200] [Payara 5.183] [INFOS] [NCLS-CORE-00017] [javax.enterprise.system.core] [tid: _ThreadID=1 _ThreadName=main] [timeMillis: 1540639652226] [levelValue: 800] [[
  Payara Server  5.183 #badassfish (380) startup time : Felix (2 820ms), startup services(7 002ms), total(9 822ms)]]

[2018-10-27T13:27:32.229+0200] [Payara 5.183] [INFOS] [] [fish.payara.nucleus.notification.NotificationService] [tid: _ThreadID=1 _ThreadName=main] [timeMillis: 1540639652229] [levelValue: 800] [[
  Payara Notification Service bootstrapped with configuration: NotificationExecutionOptions{enabled=true, notifierConfigurationExecutionOptionsList={LOG=LogNotifierConfigurationExecutionOptions{useSeparateLogFile=false} NotifierConfigurationExecutionOptions{notifierType=LOG, enabled=true, noisy=true}}}]]

[2018-10-27T13:27:32.480+0200] [Payara 5.183] [INFOS] [NCLS-CORE-00101] [javax.enterprise.system.core] [tid: _ThreadID=22 _ThreadName=RunLevelControllerThread-1540639645235] [timeMillis: 1540639652480] [levelValue: 800] [[
  Network Listener JMS_PROXY_default_JMS_host started in: 1ms - bound to [/0.0.0.0:61827]]]

[2018-10-27T13:27:32.717+0200] [Payara 5.183] [INFOS] [NCLS-JMX-00005] [javax.enterprise.system.jmx] [tid: _ThreadID=110 _ThreadName=Thread-14] [timeMillis: 1540639652717] [levelValue: 800] [[
  JMXStartupService has started JMXConnector on JMXService URL service:jmx:rmi://0.0.0.0:61832/jndi/rmi://0.0.0.0:61832/jmxrmi]]

[2018-10-27T13:28:37.845+0200] [Payara 5.183] [INFOS] [] [javax.enterprise.resource.corba.org.glassfish.enterprise.iiop.api] [tid: _ThreadID=30 _ThreadName=http-thread-pool::http-listener-1(1)] [timeMillis: 1540639717845] [levelValue: 800] [[
  GlassFishORBFactory service initialized.]]

[2018-10-27T13:28:39.794+0200] [Payara 5.183] [INFOS] [] [javax.enterprise.system.core.transaction.com.sun.jts.CosTransactions] [tid: _ThreadID=30 _ThreadName=http-thread-pool::http-listener-1(1)] [timeMillis: 1540639719794] [levelValue: 800] [[
  JTS5014: Recoverable JTS instance, serverId=[61828]]]

[2018-10-27T13:28:41.474+0200] [Payara 5.183] [INFOS] [] [] [tid: _ThreadID=30 _ThreadName=http-thread-pool::http-listener-1(1)] [timeMillis: 1540639721474] [levelValue: 800] [[
  PAP.SESSION._IApplication_Wrapper@fb419fce]]

[2018-10-27T13:29:38.189+0200] [Payara 5.183] [INFOS] [] [] [tid: _ThreadID=32 _ThreadName=http-thread-pool::http-listener-1(2)] [timeMillis: 1540639778189] [levelValue: 800] [[
  PAP.SESSION._IApplication_Wrapper@fb419fce]]

[2018-10-27T13:29:38.429+0200] [Payara 5.183] [GRAVE] [] [] [tid: _ThreadID=32 _ThreadName=http-thread-pool::http-listener-1(2)] [timeMillis: 1540639778429] [levelValue: 1000] [[
  javax.ejb.EJBException: java.rmi.RemoteException: CORBA NO_IMPLEMENT 1398079489 Maybe; nested exception is: 
	org.omg.CORBA.NO_IMPLEMENT: ----------BEGIN server-side stack trace----------
org.omg.CORBA.NO_IMPLEMENT: WARNING: 01000001: Missing local value implementation  vmcid: SUN  minor code: 1 completed: Maybe
	at com.sun.proxy.$Proxy221.missingLocalValueImpl(Unknown Source)
	at com.sun.corba.ee.impl.io.FVDCodeBaseImpl.implementation(FVDCodeBaseImpl.java:113)
	at com.sun.org.omg.SendingContext._CodeBaseImplBase._invoke(_CodeBaseImplBase.java:99)
	at com.sun.corba.ee.impl.protocol.ServerRequestDispatcherImpl.dispatchToServant(ServerRequestDispatcherImpl.java:528)
	at com.sun.corba.ee.impl.protocol.ServerRequestDispatcherImpl.dispatch(ServerRequestDispatcherImpl.java:199)
	at com.sun.corba.ee.impl.protocol.MessageMediatorImpl.handleRequestRequest(MessageMediatorImpl.java:1565)
	at com.sun.corba.ee.impl.protocol.MessageMediatorImpl.handleRequest(MessageMediatorImpl.java:1441)
	at com.sun.corba.ee.impl.protocol.MessageMediatorImpl.handleInput(MessageMediatorImpl.java:946)
	at com.sun.corba.ee.impl.protocol.giopmsgheaders.RequestMessage_1_2.callback(RequestMessage_1_2.java:213)
	at com.sun.corba.ee.impl.protocol.MessageMediatorImpl.handleRequest(MessageMediatorImpl.java:710)
	at com.sun.corba.ee.impl.protocol.MessageMediatorImpl.dispatch(MessageMediatorImpl.java:509)
	at com.sun.corba.ee.impl.protocol.MessageMediatorImpl.doWork(MessageMediatorImpl.java:2238)
	at com.sun.corba.ee.impl.threadpool.ThreadPoolImpl$TaskRunner.run(ThreadPoolImpl.java:189)
	at java.util.concurrent.Executors$RunnableAdapter.call(Executors.java:511)
	at java.util.concurrent.FutureTask.run(FutureTask.java:266)
	at java.util.concurrent.ThreadPoolExecutor.runWorker(ThreadPoolExecutor.java:1149)
	at java.util.concurrent.ThreadPoolExecutor$Worker.run(ThreadPoolExecutor.java:624)
	at java.lang.Thread.run(Thread.java:748)
Caused by: java.lang.ClassNotFoundException: PAP.EXCEPTION.AlreadyExistsUserException (no security manager: RMI class loader disabled)
	at sun.rmi.server.LoaderHandler.loadClass(LoaderHandler.java:396)
	at sun.rmi.server.LoaderHandler.loadClass(LoaderHandler.java:186)
	at java.rmi.server.RMIClassLoader$2.loadClass(RMIClassLoader.java:637)
	at java.rmi.server.RMIClassLoader.loadClass(RMIClassLoader.java:219)
	at java.rmi.server.RMIClassLoader.loadClass(RMIClassLoader.java:152)
	at com.sun.corba.ee.impl.util.JDKBridge.loadClassM(JDKBridge.java:335)
	at com.sun.corba.ee.impl.util.JDKBridge.loadClass(JDKBridge.java:236)
	at com.sun.corba.ee.impl.javax.rmi.CORBA.Util.loadClass(Util.java:640)
	at com.sun.corba.ee.impl.util.RepositoryId.getClassFromType(RepositoryId.java:574)
	at com.sun.corba.ee.impl.io.ValueHandlerImpl.getClassFromType(ValueHandlerImpl.java:376)
	at com.sun.corba.ee.impl.io.FVDCodeBaseImpl.implementation(FVDCodeBaseImpl.java:106)
	... 16 more

----------END server-side stack trace----------  vmcid: SUN  minor code: 1 completed: Maybe
	at PAP.SESSION._IApplication_Wrapper.subscribe(PAP/SESSION/_IApplication_Wrapper.java)
	at controler.dedie.CSubscribe.treatRequest(CSubscribe.java:49)
	at controler.CAppli.service(CAppli.java:44)
	at javax.servlet.http.HttpServlet.service(HttpServlet.java:791)
	at org.apache.catalina.core.StandardWrapper.service(StandardWrapper.java:1628)
	at org.apache.catalina.core.StandardWrapperValve.invoke(StandardWrapperValve.java:258)
	at org.apache.catalina.core.StandardContextValve.invoke(StandardContextValve.java:160)
	at org.apache.catalina.core.StandardPipeline.doInvoke(StandardPipeline.java:755)
	at org.apache.catalina.core.StandardPipeline.invoke(StandardPipeline.java:575)
	at com.sun.enterprise.web.WebPipeline.invoke(WebPipeline.java:99)
	at org.apache.catalina.core.StandardHostValve.invoke(StandardHostValve.java:159)
	at org.apache.catalina.connector.CoyoteAdapter.doService(CoyoteAdapter.java:371)
	at org.apache.catalina.connector.CoyoteAdapter.service(CoyoteAdapter.java:238)
	at com.sun.enterprise.v3.services.impl.ContainerMapper$HttpHandlerCallable.call(ContainerMapper.java:516)
	at com.sun.enterprise.v3.services.impl.ContainerMapper.service(ContainerMapper.java:213)
	at org.glassfish.grizzly.http.server.HttpHandler.runService(HttpHandler.java:182)
	at org.glassfish.grizzly.http.server.HttpHandler.doHandle(HttpHandler.java:156)
	at org.glassfish.grizzly.http.server.HttpServerFilter.handleRead(HttpServerFilter.java:218)
	at org.glassfish.grizzly.filterchain.ExecutorResolver$9.execute(ExecutorResolver.java:95)
	at org.glassfish.grizzly.filterchain.DefaultFilterChain.executeFilter(DefaultFilterChain.java:260)
	at org.glassfish.grizzly.filterchain.DefaultFilterChain.executeChainPart(DefaultFilterChain.java:177)
	at org.glassfish.grizzly.filterchain.DefaultFilterChain.execute(DefaultFilterChain.java:109)
	at org.glassfish.grizzly.filterchain.DefaultFilterChain.process(DefaultFilterChain.java:88)
	at org.glassfish.grizzly.ProcessorExecutor.execute(ProcessorExecutor.java:53)
	at org.glassfish.grizzly.nio.transport.TCPNIOTransport.fireIOEvent(TCPNIOTransport.java:524)
	at org.glassfish.grizzly.strategies.AbstractIOStrategy.fireIOEvent(AbstractIOStrategy.java:89)
	at org.glassfish.grizzly.strategies.WorkerThreadIOStrategy.run0(WorkerThreadIOStrategy.java:94)
	at org.glassfish.grizzly.strategies.WorkerThreadIOStrategy.access$100(WorkerThreadIOStrategy.java:33)
	at org.glassfish.grizzly.strategies.WorkerThreadIOStrategy$WorkerThreadRunnable.run(WorkerThreadIOStrategy.java:114)
	at org.glassfish.grizzly.threadpool.AbstractThreadPool$Worker.doWork(AbstractThreadPool.java:569)
	at org.glassfish.grizzly.threadpool.AbstractThreadPool$Worker.run(AbstractThreadPool.java:549)
	at java.lang.Thread.run(Thread.java:748)
Caused by: java.rmi.RemoteException: CORBA NO_IMPLEMENT 1398079489 Maybe; nested exception is: 
	org.omg.CORBA.NO_IMPLEMENT: ----------BEGIN server-side stack trace----------
org.omg.CORBA.NO_IMPLEMENT: WARNING: 01000001: Missing local value implementation  vmcid: SUN  minor code: 1 completed: Maybe
	at com.sun.proxy.$Proxy221.missingLocalValueImpl(Unknown Source)
	at com.sun.corba.ee.impl.io.FVDCodeBaseImpl.implementation(FVDCodeBaseImpl.java:113)
	at com.sun.org.omg.SendingContext._CodeBaseImplBase._invoke(_CodeBaseImplBase.java:99)
	at com.sun.corba.ee.impl.protocol.ServerRequestDispatcherImpl.dispatchToServant(ServerRequestDispatcherImpl.java:528)
	at com.sun.corba.ee.impl.protocol.ServerRequestDispatcherImpl.dispatch(ServerRequestDispatcherImpl.java:199)
	at com.sun.corba.ee.impl.protocol.MessageMediatorImpl.handleRequestRequest(MessageMediatorImpl.java:1565)
	at com.sun.corba.ee.impl.protocol.MessageMediatorImpl.handleRequest(MessageMediatorImpl.java:1441)
	at com.sun.corba.ee.impl.protocol.MessageMediatorImpl.handleInput(MessageMediatorImpl.java:946)
	at com.sun.corba.ee.impl.protocol.giopmsgheaders.RequestMessage_1_2.callback(RequestMessage_1_2.java:213)
	at com.sun.corba.ee.impl.protocol.MessageMediatorImpl.handleRequest(MessageMediatorImpl.java:710)
	at com.sun.corba.ee.impl.protocol.MessageMediatorImpl.dispatch(MessageMediatorImpl.java:509)
	at com.sun.corba.ee.impl.protocol.MessageMediatorImpl.doWork(MessageMediatorImpl.java:2238)
	at com.sun.corba.ee.impl.threadpool.ThreadPoolImpl$TaskRunner.run(ThreadPoolImpl.java:189)
	at java.util.concurrent.Executors$RunnableAdapter.call(Executors.java:511)
	at java.util.concurrent.FutureTask.run(FutureTask.java:266)
	at java.util.concurrent.ThreadPoolExecutor.runWorker(ThreadPoolExecutor.java:1149)
	at java.util.concurrent.ThreadPoolExecutor$Worker.run(ThreadPoolExecutor.java:624)
	at java.lang.Thread.run(Thread.java:748)
Caused by: java.lang.ClassNotFoundException: PAP.EXCEPTION.AlreadyExistsUserException (no security manager: RMI class loader disabled)
	at sun.rmi.server.LoaderHandler.loadClass(LoaderHandler.java:396)
	at sun.rmi.server.LoaderHandler.loadClass(LoaderHandler.java:186)
	at java.rmi.server.RMIClassLoader$2.loadClass(RMIClassLoader.java:637)
	at java.rmi.server.RMIClassLoader.loadClass(RMIClassLoader.java:219)
	at java.rmi.server.RMIClassLoader.loadClass(RMIClassLoader.java:152)
	at com.sun.corba.ee.impl.util.JDKBridge.loadClassM(JDKBridge.java:335)
	at com.sun.corba.ee.impl.util.JDKBridge.loadClass(JDKBridge.java:236)
	at com.sun.corba.ee.impl.javax.rmi.CORBA.Util.loadClass(Util.java:640)
	at com.sun.corba.ee.impl.util.RepositoryId.getClassFromType(RepositoryId.java:574)
	at com.sun.corba.ee.impl.io.ValueHandlerImpl.getClassFromType(ValueHandlerImpl.java:376)
	at com.sun.corba.ee.impl.io.FVDCodeBaseImpl.implementation(FVDCodeBaseImpl.java:106)
	... 16 more

----------END server-side stack trace----------  vmcid: SUN  minor code: 1 completed: Maybe
	at com.sun.corba.ee.impl.javax.rmi.CORBA.Util.mapSystemException(Util.java:311)
	at com.sun.corba.ee.impl.presentation.rmi.StubInvocationHandlerImpl.privateInvoke(StubInvocationHandlerImpl.java:201)
	at com.sun.corba.ee.impl.presentation.rmi.StubInvocationHandlerImpl.invoke(StubInvocationHandlerImpl.java:140)
	at com.sun.corba.ee.impl.presentation.rmi.codegen.CodegenStubBase.invoke(CodegenStubBase.java:226)
	at PAP.SESSION.__IApplication_Remote_DynamicStub.subscribe(PAP/SESSION/__IApplication_Remote_DynamicStub.java)
	... 32 more
Caused by: org.omg.CORBA.NO_IMPLEMENT: ----------BEGIN server-side stack trace----------
org.omg.CORBA.NO_IMPLEMENT: WARNING: 01000001: Missing local value implementation  vmcid: SUN  minor code: 1 completed: Maybe
	at com.sun.proxy.$Proxy221.missingLocalValueImpl(Unknown Source)
	at com.sun.corba.ee.impl.io.FVDCodeBaseImpl.implementation(FVDCodeBaseImpl.java:113)
	at com.sun.org.omg.SendingContext._CodeBaseImplBase._invoke(_CodeBaseImplBase.java:99)
	at com.sun.corba.ee.impl.protocol.ServerRequestDispatcherImpl.dispatchToServant(ServerRequestDispatcherImpl.java:528)
	at com.sun.corba.ee.impl.protocol.ServerRequestDispatcherImpl.dispatch(ServerRequestDispatcherImpl.java:199)
	at com.sun.corba.ee.impl.protocol.MessageMediatorImpl.handleRequestRequest(MessageMediatorImpl.java:1565)
	at com.sun.corba.ee.impl.protocol.MessageMediatorImpl.handleRequest(MessageMediatorImpl.java:1441)
	at com.sun.corba.ee.impl.protocol.MessageMediatorImpl.handleInput(MessageMediatorImpl.java:946)
	at com.sun.corba.ee.impl.protocol.giopmsgheaders.RequestMessage_1_2.callback(RequestMessage_1_2.java:213)
	at com.sun.corba.ee.impl.protocol.MessageMediatorImpl.handleRequest(MessageMediatorImpl.java:710)
	at com.sun.corba.ee.impl.protocol.MessageMediatorImpl.dispatch(MessageMediatorImpl.java:509)
	at com.sun.corba.ee.impl.protocol.MessageMediatorImpl.doWork(MessageMediatorImpl.java:2238)
	at com.sun.corba.ee.impl.threadpool.ThreadPoolImpl$TaskRunner.run(ThreadPoolImpl.java:189)
	at java.util.concurrent.Executors$RunnableAdapter.call(Executors.java:511)
	at java.util.concurrent.FutureTask.run(FutureTask.java:266)
	at java.util.concurrent.ThreadPoolExecutor.runWorker(ThreadPoolExecutor.java:1149)
	at java.util.concurrent.ThreadPoolExecutor$Worker.run(ThreadPoolExecutor.java:624)
	at java.lang.Thread.run(Thread.java:748)
Caused by: java.lang.ClassNotFoundException: PAP.EXCEPTION.AlreadyExistsUserException (no security manager: RMI class loader disabled)
	at sun.rmi.server.LoaderHandler.loadClass(LoaderHandler.java:396)
	at sun.rmi.server.LoaderHandler.loadClass(LoaderHandler.java:186)
	at java.rmi.server.RMIClassLoader$2.loadClass(RMIClassLoader.java:637)
	at java.rmi.server.RMIClassLoader.loadClass(RMIClassLoader.java:219)
	at java.rmi.server.RMIClassLoader.loadClass(RMIClassLoader.java:152)
	at com.sun.corba.ee.impl.util.JDKBridge.loadClassM(JDKBridge.java:335)
	at com.sun.corba.ee.impl.util.JDKBridge.loadClass(JDKBridge.java:236)
	at com.sun.corba.ee.impl.javax.rmi.CORBA.Util.loadClass(Util.java:640)
	at com.sun.corba.ee.impl.util.RepositoryId.getClassFromType(RepositoryId.java:574)
	at com.sun.corba.ee.impl.io.ValueHandlerImpl.getClassFromType(ValueHandlerImpl.java:376)
	at com.sun.corba.ee.impl.io.FVDCodeBaseImpl.implementation(FVDCodeBaseImpl.java:106)
	... 16 more

----------END server-side stack trace----------  vmcid: SUN  minor code: 1 completed: Maybe
	at sun.reflect.NativeConstructorAccessorImpl.newInstance0(Native Method)
	at sun.reflect.NativeConstructorAccessorImpl.newInstance(NativeConstructorAccessorImpl.java:62)
	at sun.reflect.DelegatingConstructorAccessorImpl.newInstance(DelegatingConstructorAccessorImpl.java:45)
	at java.lang.reflect.Constructor.newInstance(Constructor.java:423)
	at com.sun.corba.ee.impl.protocol.giopmsgheaders.MessageBase.getSystemException(MessageBase.java:813)
	at com.sun.corba.ee.impl.protocol.giopmsgheaders.ReplyMessage_1_2.getSystemException(ReplyMessage_1_2.java:131)
	at com.sun.corba.ee.impl.protocol.MessageMediatorImpl.getSystemExceptionReply(MessageMediatorImpl.java:610)
	at com.sun.corba.ee.impl.protocol.ClientRequestDispatcherImpl.processResponse(ClientRequestDispatcherImpl.java:506)
	at com.sun.corba.ee.impl.protocol.ClientRequestDispatcherImpl.marshalingComplete(ClientRequestDispatcherImpl.java:378)
	at com.sun.corba.ee.impl.protocol.ClientDelegateImpl.invoke(ClientDelegateImpl.java:259)
	at org.omg.CORBA.portable.ObjectImpl._invoke(ObjectImpl.java:475)
	at com.sun.org.omg.SendingContext._CodeBaseStub.implementation(_CodeBaseStub.java:96)
	at com.sun.corba.ee.impl.encoding.CachedCodeBase.implementation(CachedCodeBase.java:119)
	at com.sun.corba.ee.impl.encoding.CDRInputStream_1_0.getClassFromString(CDRInputStream_1_0.java:2051)
	at com.sun.corba.ee.impl.encoding.CDRInputStream_1_0.read_value(CDRInputStream_1_0.java:903)
	at com.sun.corba.ee.impl.encoding.CDRInputObject.read_value(CDRInputObject.java:518)
	at com.sun.corba.ee.impl.presentation.rmi.ExceptionHandlerImpl$ExceptionRWRMIImpl.read(ExceptionHandlerImpl.java:180)
	at com.sun.corba.ee.impl.presentation.rmi.ExceptionHandlerImpl.readException(ExceptionHandlerImpl.java:290)
	at com.sun.corba.ee.impl.presentation.rmi.DynamicMethodMarshallerImpl.readException(DynamicMethodMarshallerImpl.java:501)
	at com.sun.corba.ee.impl.presentation.rmi.StubInvocationHandlerImpl.privateInvoke(StubInvocationHandlerImpl.java:193)
	... 35 more
]]

[2018-10-28T15:18:25.185+0100] [Payara 5.183] [INFOS] [NCLS-LOGGING-00009] [javax.enterprise.logging] [tid: _ThreadID=21 _ThreadName=RunLevelControllerThread-1540736304945] [timeMillis: 1540736305185] [levelValue: 800] [[
  Running Payara Version: Payara Server  5.183 #badassfish (build 380)]]

[2018-10-28T15:18:25.197+0100] [Payara 5.183] [INFOS] [NCLS-LOGGING-00010] [javax.enterprise.logging] [tid: _ThreadID=21 _ThreadName=RunLevelControllerThread-1540736304945] [timeMillis: 1540736305197] [levelValue: 800] [[
  Server log file is using Formatter class: com.sun.enterprise.server.logging.ODLLogFormatter]]

[2018-10-28T15:18:26.204+0100] [Payara 5.183] [INFOS] [] [org.glassfish.ha.store.spi.BackingStoreFactoryRegistry] [tid: _ThreadID=20 _ThreadName=RunLevelControllerThread-1540736304944] [timeMillis: 1540736306204] [levelValue: 800] [[
  Registered fish.payara.ha.hazelcast.store.HazelcastBackingStoreFactoryProxy for persistence-type = hazelcast in BackingStoreFactoryRegistry]]

[2018-10-28T15:18:26.348+0100] [Payara 5.183] [INFOS] [NCLS-CORE-00101] [javax.enterprise.system.core] [tid: _ThreadID=23 _ThreadName=RunLevelControllerThread-1540736304954] [timeMillis: 1540736306348] [levelValue: 800] [[
  Network Listener http-listener-1 started in: 16ms - bound to [/0.0.0.0:61826]]]

[2018-10-28T15:18:26.436+0100] [Payara 5.183] [INFOS] [NCLS-CORE-00101] [javax.enterprise.system.core] [tid: _ThreadID=23 _ThreadName=RunLevelControllerThread-1540736304954] [timeMillis: 1540736306436] [levelValue: 800] [[
  Network Listener http-listener-2 started in: 1ms - bound to [/0.0.0.0:61829]]]

[2018-10-28T15:18:26.443+0100] [Payara 5.183] [INFOS] [NCLS-CORE-00101] [javax.enterprise.system.core] [tid: _ThreadID=23 _ThreadName=RunLevelControllerThread-1540736304954] [timeMillis: 1540736306443] [levelValue: 800] [[
  Network Listener admin-listener started in: 1ms - bound to [/0.0.0.0:61825]]]

[2018-10-28T15:18:26.447+0100] [Payara 5.183] [INFOS] [NCLS-CORE-00087] [javax.enterprise.system.core] [tid: _ThreadID=23 _ThreadName=RunLevelControllerThread-1540736304954] [timeMillis: 1540736306447] [levelValue: 800] [[
  Grizzly 2.4.3 started in: 695ms - bound to [http-listener-1:61826, http-listener-2:61829, admin-listener:61825]]]

[2018-10-28T15:18:26.534+0100] [Payara 5.183] [INFOS] [NCLS-CORE-00101] [javax.enterprise.system.core] [tid: _ThreadID=21 _ThreadName=RunLevelControllerThread-1540736304945] [timeMillis: 1540736306534] [levelValue: 800] [[
  Network Listener iiop-service started in: 0ms - bound to [/0.0.0.0:61828]]]

[2018-10-28T15:18:27.375+0100] [Payara 5.183] [INFOS] [NCLS-SECURITY-01002] [javax.enterprise.system.core.security] [tid: _ThreadID=22 _ThreadName=RunLevelControllerThread-1540736304954] [timeMillis: 1540736307375] [levelValue: 800] [[
  Java security manager is disabled.]]

[2018-10-28T15:18:27.377+0100] [Payara 5.183] [INFOS] [NCLS-SECURITY-01010] [javax.enterprise.system.core.security] [tid: _ThreadID=22 _ThreadName=RunLevelControllerThread-1540736304954] [timeMillis: 1540736307377] [levelValue: 800] [[
  Entering Security Startup Service.]]

[2018-10-28T15:18:27.382+0100] [Payara 5.183] [INFOS] [NCLS-SECURITY-01143] [javax.enterprise.system.core.security] [tid: _ThreadID=22 _ThreadName=RunLevelControllerThread-1540736304954] [timeMillis: 1540736307382] [levelValue: 800] [[
  Loading policy provider com.sun.enterprise.security.provider.PolicyWrapper.]]

[2018-10-28T15:18:27.440+0100] [Payara 5.183] [INFOS] [NCLS-SECURITY-01011] [javax.enterprise.system.core.security] [tid: _ThreadID=22 _ThreadName=RunLevelControllerThread-1540736304954] [timeMillis: 1540736307440] [levelValue: 800] [[
  Security Service(s) started successfully.]]

[2018-10-28T15:18:27.920+0100] [Payara 5.183] [INFOS] [AS-WEB-GLUE-00198] [javax.enterprise.web] [tid: _ThreadID=22 _ThreadName=RunLevelControllerThread-1540736304954] [timeMillis: 1540736307920] [levelValue: 800] [[
  Created HTTP listener http-listener-1 on host/port 0.0.0.0:61826]]

[2018-10-28T15:18:27.930+0100] [Payara 5.183] [INFOS] [AS-WEB-GLUE-00198] [javax.enterprise.web] [tid: _ThreadID=22 _ThreadName=RunLevelControllerThread-1540736304954] [timeMillis: 1540736307930] [levelValue: 800] [[
  Created HTTP listener http-listener-2 on host/port 0.0.0.0:61829]]

[2018-10-28T15:18:27.932+0100] [Payara 5.183] [INFOS] [AS-WEB-GLUE-00198] [javax.enterprise.web] [tid: _ThreadID=22 _ThreadName=RunLevelControllerThread-1540736304954] [timeMillis: 1540736307932] [levelValue: 800] [[
  Created HTTP listener admin-listener on host/port 0.0.0.0:61825]]

[2018-10-28T15:18:27.969+0100] [Payara 5.183] [INFOS] [AS-WEB-GLUE-00200] [javax.enterprise.web] [tid: _ThreadID=22 _ThreadName=RunLevelControllerThread-1540736304954] [timeMillis: 1540736307969] [levelValue: 800] [[
  Created virtual server server]]

[2018-10-28T15:18:27.973+0100] [Payara 5.183] [INFOS] [AS-WEB-GLUE-00200] [javax.enterprise.web] [tid: _ThreadID=22 _ThreadName=RunLevelControllerThread-1540736304954] [timeMillis: 1540736307973] [levelValue: 800] [[
  Created virtual server __asadmin]]

[2018-10-28T15:18:28.229+0100] [Payara 5.183] [INFOS] [AS-WEB-CORE-00306] [javax.enterprise.web.core] [tid: _ThreadID=22 _ThreadName=RunLevelControllerThread-1540736304954] [timeMillis: 1540736308229] [levelValue: 800] [[
  Setting JAAS app name glassfish-web]]

[2018-10-28T15:18:28.230+0100] [Payara 5.183] [INFOS] [AS-WEB-GLUE-00201] [javax.enterprise.web] [tid: _ThreadID=22 _ThreadName=RunLevelControllerThread-1540736304954] [timeMillis: 1540736308230] [levelValue: 800] [[
  Virtual server server loaded default web module ]]

[2018-10-28T15:18:30.355+0100] [Payara 5.183] [INFO] [] [org.hibernate.validator.internal.util.Version] [tid: _ThreadID=22 _ThreadName=RunLevelControllerThread-1540736304954] [timeMillis: 1540736310355] [levelValue: 800] [[
  HV000001: Hibernate Validator 6.0.12.Final]]

[2018-10-28T15:18:31.750+0100] [Payara 5.183] [INFOS] [NCLS-CORE-00022] [javax.enterprise.system.core] [tid: _ThreadID=22 _ThreadName=RunLevelControllerThread-1540736304954] [timeMillis: 1540736311750] [levelValue: 800] [[
  Loading application PAPWeb done in 5 566 ms]]

[2018-10-28T15:18:34.780+0100] [Payara 5.183] [INFOS] [] [fish.payara.nucleus.hazelcast.HazelcastCore] [tid: _ThreadID=22 _ThreadName=RunLevelControllerThread-1540736304954] [timeMillis: 1540736314780] [levelValue: 800] [[
  Hazelcast Instance Bound to JNDI at payara/Hazelcast]]

[2018-10-28T15:18:34.781+0100] [Payara 5.183] [INFOS] [] [fish.payara.nucleus.hazelcast.HazelcastCore] [tid: _ThreadID=22 _ThreadName=RunLevelControllerThread-1540736304954] [timeMillis: 1540736314781] [levelValue: 800] [[
  JSR107 Caching Provider Bound to JNDI at payara/CachingProvider]]

[2018-10-28T15:18:34.781+0100] [Payara 5.183] [INFOS] [] [fish.payara.nucleus.hazelcast.HazelcastCore] [tid: _ThreadID=22 _ThreadName=RunLevelControllerThread-1540736304954] [timeMillis: 1540736314781] [levelValue: 800] [[
  JSR107 Default Cache Manager Bound to JNDI at payara/CacheManager]]

[2018-10-28T15:18:34.880+0100] [Payara 5.183] [INFOS] [AS-WEB-GLUE-00172] [javax.enterprise.web] [tid: _ThreadID=22 _ThreadName=RunLevelControllerThread-1540736304954] [timeMillis: 1540736314880] [levelValue: 800] [[
  Loading application [PAPWeb] at [/PAPWeb]]]

[2018-10-28T15:18:35.193+0100] [Payara 5.183] [INFOS] [] [fish.payara.nucleus.cluster.PayaraCluster] [tid: _ThreadID=95 _ThreadName=Executor-Service-1] [timeMillis: 1540736315193] [levelValue: 800] [[
  Data Grid Status 
Payara Data Grid State: DG Version: 35 DG Size: 1
Instances: {
Address: /192.168.1.13:4900 UUID: 4e80b41e-6a22-47e7-8794-ef49590bad92 Lite: false This: true Name: server Group: server-config
}]]

[2018-10-28T15:18:35.195+0100] [Payara 5.183] [INFOS] [NCLS-CORE-00017] [javax.enterprise.system.core] [tid: _ThreadID=1 _ThreadName=main] [timeMillis: 1540736315195] [levelValue: 800] [[
  Payara Server  5.183 #badassfish (380) startup time : Felix (4 492ms), startup services(10 257ms), total(14 749ms)]]

[2018-10-28T15:18:35.201+0100] [Payara 5.183] [INFOS] [] [fish.payara.nucleus.notification.NotificationService] [tid: _ThreadID=1 _ThreadName=main] [timeMillis: 1540736315201] [levelValue: 800] [[
  Payara Notification Service bootstrapped with configuration: NotificationExecutionOptions{enabled=true, notifierConfigurationExecutionOptionsList={LOG=LogNotifierConfigurationExecutionOptions{useSeparateLogFile=false} NotifierConfigurationExecutionOptions{notifierType=LOG, enabled=true, noisy=true}}}]]

[2018-10-28T15:18:35.872+0100] [Payara 5.183] [INFOS] [NCLS-CORE-00101] [javax.enterprise.system.core] [tid: _ThreadID=23 _ThreadName=RunLevelControllerThread-1540736304954] [timeMillis: 1540736315872] [levelValue: 800] [[
  Network Listener JMS_PROXY_default_JMS_host started in: 2ms - bound to [/0.0.0.0:61827]]]

[2018-10-28T15:18:35.912+0100] [Payara 5.183] [INFOS] [NCLS-JMX-00005] [javax.enterprise.system.jmx] [tid: _ThreadID=110 _ThreadName=Thread-14] [timeMillis: 1540736315912] [levelValue: 800] [[
  JMXStartupService has started JMXConnector on JMXService URL service:jmx:rmi://0.0.0.0:61832/jndi/rmi://0.0.0.0:61832/jmxrmi]]

[2018-10-28T15:18:38.018+0100] [Payara 5.183] [INFOS] [AS-WEB-GLUE-00172] [javax.enterprise.web] [tid: _ThreadID=49 _ThreadName=admin-thread-pool::admin-listener(2)] [timeMillis: 1540736318018] [levelValue: 800] [[
  Loading application [PAPWeb] at [/PAPWeb]]]

[2018-10-28T15:18:38.107+0100] [Payara 5.183] [INFOS] [] [javax.enterprise.system.core] [tid: _ThreadID=49 _ThreadName=admin-thread-pool::admin-listener(2)] [timeMillis: 1540736318107] [levelValue: 800] [[
  PAPWeb was successfully deployed in 1 176 milliseconds.]]

[2018-10-28T15:24:08.116+0100] [Payara 5.183] [INFOS] [] [javax.enterprise.resource.corba.org.glassfish.enterprise.iiop.api] [tid: _ThreadID=33 _ThreadName=http-thread-pool::http-listener-1(4)] [timeMillis: 1540736648116] [levelValue: 800] [[
  GlassFishORBFactory service initialized.]]

[2018-10-28T15:24:10.083+0100] [Payara 5.183] [INFOS] [] [javax.enterprise.system.core.transaction.com.sun.jts.CosTransactions] [tid: _ThreadID=33 _ThreadName=http-thread-pool::http-listener-1(4)] [timeMillis: 1540736650083] [levelValue: 800] [[
  JTS5014: Recoverable JTS instance, serverId=[61828]]]

[2018-10-28T15:24:11.108+0100] [Payara 5.183] [INFOS] [] [] [tid: _ThreadID=33 _ThreadName=http-thread-pool::http-listener-1(4)] [timeMillis: 1540736651108] [levelValue: 800] [[
  PAP.SESSION._IApplication_Wrapper@fb419fce]]

[2018-10-28T15:25:07.258+0100] [Payara 5.183] [INFOS] [] [] [tid: _ThreadID=31 _ThreadName=http-thread-pool::http-listener-1(2)] [timeMillis: 1540736707258] [levelValue: 800] [[
  PAP.SESSION._IApplication_Wrapper@fb419fce]]

[2018-10-28T15:26:40.061+0100] [Payara 5.183] [INFOS] [] [] [tid: _ThreadID=30 _ThreadName=http-thread-pool::http-listener-1(1)] [timeMillis: 1540736800061] [levelValue: 800] [[
  PAP.SESSION._IApplication_Wrapper@fb419fce]]

[2018-10-28T15:26:40.179+0100] [Payara 5.183] [GRAVE] [] [] [tid: _ThreadID=30 _ThreadName=http-thread-pool::http-listener-1(1)] [timeMillis: 1540736800179] [levelValue: 1000] [[
  javax.ejb.EJBException: java.rmi.RemoteException: CORBA NO_IMPLEMENT 1398079489 Maybe; nested exception is: 
	org.omg.CORBA.NO_IMPLEMENT: ----------BEGIN server-side stack trace----------
org.omg.CORBA.NO_IMPLEMENT: WARNING: 01000001: Missing local value implementation  vmcid: SUN  minor code: 1 completed: Maybe
	at com.sun.proxy.$Proxy221.missingLocalValueImpl(Unknown Source)
	at com.sun.corba.ee.impl.io.FVDCodeBaseImpl.implementation(FVDCodeBaseImpl.java:113)
	at com.sun.org.omg.SendingContext._CodeBaseImplBase._invoke(_CodeBaseImplBase.java:99)
	at com.sun.corba.ee.impl.protocol.ServerRequestDispatcherImpl.dispatchToServant(ServerRequestDispatcherImpl.java:528)
	at com.sun.corba.ee.impl.protocol.ServerRequestDispatcherImpl.dispatch(ServerRequestDispatcherImpl.java:199)
	at com.sun.corba.ee.impl.protocol.MessageMediatorImpl.handleRequestRequest(MessageMediatorImpl.java:1565)
	at com.sun.corba.ee.impl.protocol.MessageMediatorImpl.handleRequest(MessageMediatorImpl.java:1441)
	at com.sun.corba.ee.impl.protocol.MessageMediatorImpl.handleInput(MessageMediatorImpl.java:946)
	at com.sun.corba.ee.impl.protocol.giopmsgheaders.RequestMessage_1_2.callback(RequestMessage_1_2.java:213)
	at com.sun.corba.ee.impl.protocol.MessageMediatorImpl.handleRequest(MessageMediatorImpl.java:710)
	at com.sun.corba.ee.impl.protocol.MessageMediatorImpl.dispatch(MessageMediatorImpl.java:509)
	at com.sun.corba.ee.impl.protocol.MessageMediatorImpl.doWork(MessageMediatorImpl.java:2238)
	at com.sun.corba.ee.impl.threadpool.ThreadPoolImpl$TaskRunner.run(ThreadPoolImpl.java:189)
	at java.util.concurrent.Executors$RunnableAdapter.call(Executors.java:511)
	at java.util.concurrent.FutureTask.run(FutureTask.java:266)
	at java.util.concurrent.ThreadPoolExecutor.runWorker(ThreadPoolExecutor.java:1149)
	at java.util.concurrent.ThreadPoolExecutor$Worker.run(ThreadPoolExecutor.java:624)
	at java.lang.Thread.run(Thread.java:748)
Caused by: java.lang.ClassNotFoundException: PAP.EXCEPTION.AlreadyExistsUserException (no security manager: RMI class loader disabled)
	at sun.rmi.server.LoaderHandler.loadClass(LoaderHandler.java:396)
	at sun.rmi.server.LoaderHandler.loadClass(LoaderHandler.java:186)
	at java.rmi.server.RMIClassLoader$2.loadClass(RMIClassLoader.java:637)
	at java.rmi.server.RMIClassLoader.loadClass(RMIClassLoader.java:219)
	at java.rmi.server.RMIClassLoader.loadClass(RMIClassLoader.java:152)
	at com.sun.corba.ee.impl.util.JDKBridge.loadClassM(JDKBridge.java:335)
	at com.sun.corba.ee.impl.util.JDKBridge.loadClass(JDKBridge.java:236)
	at com.sun.corba.ee.impl.javax.rmi.CORBA.Util.loadClass(Util.java:640)
	at com.sun.corba.ee.impl.util.RepositoryId.getClassFromType(RepositoryId.java:574)
	at com.sun.corba.ee.impl.io.ValueHandlerImpl.getClassFromType(ValueHandlerImpl.java:376)
	at com.sun.corba.ee.impl.io.FVDCodeBaseImpl.implementation(FVDCodeBaseImpl.java:106)
	... 16 more

----------END server-side stack trace----------  vmcid: SUN  minor code: 1 completed: Maybe
	at PAP.SESSION._IApplication_Wrapper.subscribe(PAP/SESSION/_IApplication_Wrapper.java)
	at controler.dedie.CSubscribe.treatRequest(CSubscribe.java:49)
	at controler.CAppli.service(CAppli.java:44)
	at javax.servlet.http.HttpServlet.service(HttpServlet.java:791)
	at org.apache.catalina.core.StandardWrapper.service(StandardWrapper.java:1628)
	at org.apache.catalina.core.StandardWrapperValve.invoke(StandardWrapperValve.java:258)
	at org.apache.catalina.core.StandardContextValve.invoke(StandardContextValve.java:160)
	at org.apache.catalina.core.StandardPipeline.doInvoke(StandardPipeline.java:755)
	at org.apache.catalina.core.StandardPipeline.invoke(StandardPipeline.java:575)
	at com.sun.enterprise.web.WebPipeline.invoke(WebPipeline.java:99)
	at org.apache.catalina.core.StandardHostValve.invoke(StandardHostValve.java:159)
	at org.apache.catalina.connector.CoyoteAdapter.doService(CoyoteAdapter.java:371)
	at org.apache.catalina.connector.CoyoteAdapter.service(CoyoteAdapter.java:238)
	at com.sun.enterprise.v3.services.impl.ContainerMapper$HttpHandlerCallable.call(ContainerMapper.java:516)
	at com.sun.enterprise.v3.services.impl.ContainerMapper.service(ContainerMapper.java:213)
	at org.glassfish.grizzly.http.server.HttpHandler.runService(HttpHandler.java:182)
	at org.glassfish.grizzly.http.server.HttpHandler.doHandle(HttpHandler.java:156)
	at org.glassfish.grizzly.http.server.HttpServerFilter.handleRead(HttpServerFilter.java:218)
	at org.glassfish.grizzly.filterchain.ExecutorResolver$9.execute(ExecutorResolver.java:95)
	at org.glassfish.grizzly.filterchain.DefaultFilterChain.executeFilter(DefaultFilterChain.java:260)
	at org.glassfish.grizzly.filterchain.DefaultFilterChain.executeChainPart(DefaultFilterChain.java:177)
	at org.glassfish.grizzly.filterchain.DefaultFilterChain.execute(DefaultFilterChain.java:109)
	at org.glassfish.grizzly.filterchain.DefaultFilterChain.process(DefaultFilterChain.java:88)
	at org.glassfish.grizzly.ProcessorExecutor.execute(ProcessorExecutor.java:53)
	at org.glassfish.grizzly.nio.transport.TCPNIOTransport.fireIOEvent(TCPNIOTransport.java:524)
	at org.glassfish.grizzly.strategies.AbstractIOStrategy.fireIOEvent(AbstractIOStrategy.java:89)
	at org.glassfish.grizzly.strategies.WorkerThreadIOStrategy.run0(WorkerThreadIOStrategy.java:94)
	at org.glassfish.grizzly.strategies.WorkerThreadIOStrategy.access$100(WorkerThreadIOStrategy.java:33)
	at org.glassfish.grizzly.strategies.WorkerThreadIOStrategy$WorkerThreadRunnable.run(WorkerThreadIOStrategy.java:114)
	at org.glassfish.grizzly.threadpool.AbstractThreadPool$Worker.doWork(AbstractThreadPool.java:569)
	at org.glassfish.grizzly.threadpool.AbstractThreadPool$Worker.run(AbstractThreadPool.java:549)
	at java.lang.Thread.run(Thread.java:748)
Caused by: java.rmi.RemoteException: CORBA NO_IMPLEMENT 1398079489 Maybe; nested exception is: 
	org.omg.CORBA.NO_IMPLEMENT: ----------BEGIN server-side stack trace----------
org.omg.CORBA.NO_IMPLEMENT: WARNING: 01000001: Missing local value implementation  vmcid: SUN  minor code: 1 completed: Maybe
	at com.sun.proxy.$Proxy221.missingLocalValueImpl(Unknown Source)
	at com.sun.corba.ee.impl.io.FVDCodeBaseImpl.implementation(FVDCodeBaseImpl.java:113)
	at com.sun.org.omg.SendingContext._CodeBaseImplBase._invoke(_CodeBaseImplBase.java:99)
	at com.sun.corba.ee.impl.protocol.ServerRequestDispatcherImpl.dispatchToServant(ServerRequestDispatcherImpl.java:528)
	at com.sun.corba.ee.impl.protocol.ServerRequestDispatcherImpl.dispatch(ServerRequestDispatcherImpl.java:199)
	at com.sun.corba.ee.impl.protocol.MessageMediatorImpl.handleRequestRequest(MessageMediatorImpl.java:1565)
	at com.sun.corba.ee.impl.protocol.MessageMediatorImpl.handleRequest(MessageMediatorImpl.java:1441)
	at com.sun.corba.ee.impl.protocol.MessageMediatorImpl.handleInput(MessageMediatorImpl.java:946)
	at com.sun.corba.ee.impl.protocol.giopmsgheaders.RequestMessage_1_2.callback(RequestMessage_1_2.java:213)
	at com.sun.corba.ee.impl.protocol.MessageMediatorImpl.handleRequest(MessageMediatorImpl.java:710)
	at com.sun.corba.ee.impl.protocol.MessageMediatorImpl.dispatch(MessageMediatorImpl.java:509)
	at com.sun.corba.ee.impl.protocol.MessageMediatorImpl.doWork(MessageMediatorImpl.java:2238)
	at com.sun.corba.ee.impl.threadpool.ThreadPoolImpl$TaskRunner.run(ThreadPoolImpl.java:189)
	at java.util.concurrent.Executors$RunnableAdapter.call(Executors.java:511)
	at java.util.concurrent.FutureTask.run(FutureTask.java:266)
	at java.util.concurrent.ThreadPoolExecutor.runWorker(ThreadPoolExecutor.java:1149)
	at java.util.concurrent.ThreadPoolExecutor$Worker.run(ThreadPoolExecutor.java:624)
	at java.lang.Thread.run(Thread.java:748)
Caused by: java.lang.ClassNotFoundException: PAP.EXCEPTION.AlreadyExistsUserException (no security manager: RMI class loader disabled)
	at sun.rmi.server.LoaderHandler.loadClass(LoaderHandler.java:396)
	at sun.rmi.server.LoaderHandler.loadClass(LoaderHandler.java:186)
	at java.rmi.server.RMIClassLoader$2.loadClass(RMIClassLoader.java:637)
	at java.rmi.server.RMIClassLoader.loadClass(RMIClassLoader.java:219)
	at java.rmi.server.RMIClassLoader.loadClass(RMIClassLoader.java:152)
	at com.sun.corba.ee.impl.util.JDKBridge.loadClassM(JDKBridge.java:335)
	at com.sun.corba.ee.impl.util.JDKBridge.loadClass(JDKBridge.java:236)
	at com.sun.corba.ee.impl.javax.rmi.CORBA.Util.loadClass(Util.java:640)
	at com.sun.corba.ee.impl.util.RepositoryId.getClassFromType(RepositoryId.java:574)
	at com.sun.corba.ee.impl.io.ValueHandlerImpl.getClassFromType(ValueHandlerImpl.java:376)
	at com.sun.corba.ee.impl.io.FVDCodeBaseImpl.implementation(FVDCodeBaseImpl.java:106)
	... 16 more

----------END server-side stack trace----------  vmcid: SUN  minor code: 1 completed: Maybe
	at com.sun.corba.ee.impl.javax.rmi.CORBA.Util.mapSystemException(Util.java:311)
	at com.sun.corba.ee.impl.presentation.rmi.StubInvocationHandlerImpl.privateInvoke(StubInvocationHandlerImpl.java:201)
	at com.sun.corba.ee.impl.presentation.rmi.StubInvocationHandlerImpl.invoke(StubInvocationHandlerImpl.java:140)
	at com.sun.corba.ee.impl.presentation.rmi.codegen.CodegenStubBase.invoke(CodegenStubBase.java:226)
	at PAP.SESSION.__IApplication_Remote_DynamicStub.subscribe(PAP/SESSION/__IApplication_Remote_DynamicStub.java)
	... 32 more
Caused by: org.omg.CORBA.NO_IMPLEMENT: ----------BEGIN server-side stack trace----------
org.omg.CORBA.NO_IMPLEMENT: WARNING: 01000001: Missing local value implementation  vmcid: SUN  minor code: 1 completed: Maybe
	at com.sun.proxy.$Proxy221.missingLocalValueImpl(Unknown Source)
	at com.sun.corba.ee.impl.io.FVDCodeBaseImpl.implementation(FVDCodeBaseImpl.java:113)
	at com.sun.org.omg.SendingContext._CodeBaseImplBase._invoke(_CodeBaseImplBase.java:99)
	at com.sun.corba.ee.impl.protocol.ServerRequestDispatcherImpl.dispatchToServant(ServerRequestDispatcherImpl.java:528)
	at com.sun.corba.ee.impl.protocol.ServerRequestDispatcherImpl.dispatch(ServerRequestDispatcherImpl.java:199)
	at com.sun.corba.ee.impl.protocol.MessageMediatorImpl.handleRequestRequest(MessageMediatorImpl.java:1565)
	at com.sun.corba.ee.impl.protocol.MessageMediatorImpl.handleRequest(MessageMediatorImpl.java:1441)
	at com.sun.corba.ee.impl.protocol.MessageMediatorImpl.handleInput(MessageMediatorImpl.java:946)
	at com.sun.corba.ee.impl.protocol.giopmsgheaders.RequestMessage_1_2.callback(RequestMessage_1_2.java:213)
	at com.sun.corba.ee.impl.protocol.MessageMediatorImpl.handleRequest(MessageMediatorImpl.java:710)
	at com.sun.corba.ee.impl.protocol.MessageMediatorImpl.dispatch(MessageMediatorImpl.java:509)
	at com.sun.corba.ee.impl.protocol.MessageMediatorImpl.doWork(MessageMediatorImpl.java:2238)
	at com.sun.corba.ee.impl.threadpool.ThreadPoolImpl$TaskRunner.run(ThreadPoolImpl.java:189)
	at java.util.concurrent.Executors$RunnableAdapter.call(Executors.java:511)
	at java.util.concurrent.FutureTask.run(FutureTask.java:266)
	at java.util.concurrent.ThreadPoolExecutor.runWorker(ThreadPoolExecutor.java:1149)
	at java.util.concurrent.ThreadPoolExecutor$Worker.run(ThreadPoolExecutor.java:624)
	at java.lang.Thread.run(Thread.java:748)
Caused by: java.lang.ClassNotFoundException: PAP.EXCEPTION.AlreadyExistsUserException (no security manager: RMI class loader disabled)
	at sun.rmi.server.LoaderHandler.loadClass(LoaderHandler.java:396)
	at sun.rmi.server.LoaderHandler.loadClass(LoaderHandler.java:186)
	at java.rmi.server.RMIClassLoader$2.loadClass(RMIClassLoader.java:637)
	at java.rmi.server.RMIClassLoader.loadClass(RMIClassLoader.java:219)
	at java.rmi.server.RMIClassLoader.loadClass(RMIClassLoader.java:152)
	at com.sun.corba.ee.impl.util.JDKBridge.loadClassM(JDKBridge.java:335)
	at com.sun.corba.ee.impl.util.JDKBridge.loadClass(JDKBridge.java:236)
	at com.sun.corba.ee.impl.javax.rmi.CORBA.Util.loadClass(Util.java:640)
	at com.sun.corba.ee.impl.util.RepositoryId.getClassFromType(RepositoryId.java:574)
	at com.sun.corba.ee.impl.io.ValueHandlerImpl.getClassFromType(ValueHandlerImpl.java:376)
	at com.sun.corba.ee.impl.io.FVDCodeBaseImpl.implementation(FVDCodeBaseImpl.java:106)
	... 16 more

----------END server-side stack trace----------  vmcid: SUN  minor code: 1 completed: Maybe
	at sun.reflect.NativeConstructorAccessorImpl.newInstance0(Native Method)
	at sun.reflect.NativeConstructorAccessorImpl.newInstance(NativeConstructorAccessorImpl.java:62)
	at sun.reflect.DelegatingConstructorAccessorImpl.newInstance(DelegatingConstructorAccessorImpl.java:45)
	at java.lang.reflect.Constructor.newInstance(Constructor.java:423)
	at com.sun.corba.ee.impl.protocol.giopmsgheaders.MessageBase.getSystemException(MessageBase.java:813)
	at com.sun.corba.ee.impl.protocol.giopmsgheaders.ReplyMessage_1_2.getSystemException(ReplyMessage_1_2.java:131)
	at com.sun.corba.ee.impl.protocol.MessageMediatorImpl.getSystemExceptionReply(MessageMediatorImpl.java:610)
	at com.sun.corba.ee.impl.protocol.ClientRequestDispatcherImpl.processResponse(ClientRequestDispatcherImpl.java:506)
	at com.sun.corba.ee.impl.protocol.ClientRequestDispatcherImpl.marshalingComplete(ClientRequestDispatcherImpl.java:378)
	at com.sun.corba.ee.impl.protocol.ClientDelegateImpl.invoke(ClientDelegateImpl.java:259)
	at org.omg.CORBA.portable.ObjectImpl._invoke(ObjectImpl.java:475)
	at com.sun.org.omg.SendingContext._CodeBaseStub.implementation(_CodeBaseStub.java:96)
	at com.sun.corba.ee.impl.encoding.CachedCodeBase.implementation(CachedCodeBase.java:119)
	at com.sun.corba.ee.impl.encoding.CDRInputStream_1_0.getClassFromString(CDRInputStream_1_0.java:2051)
	at com.sun.corba.ee.impl.encoding.CDRInputStream_1_0.read_value(CDRInputStream_1_0.java:903)
	at com.sun.corba.ee.impl.encoding.CDRInputObject.read_value(CDRInputObject.java:518)
	at com.sun.corba.ee.impl.presentation.rmi.ExceptionHandlerImpl$ExceptionRWRMIImpl.read(ExceptionHandlerImpl.java:180)
	at com.sun.corba.ee.impl.presentation.rmi.ExceptionHandlerImpl.readException(ExceptionHandlerImpl.java:290)
	at com.sun.corba.ee.impl.presentation.rmi.DynamicMethodMarshallerImpl.readException(DynamicMethodMarshallerImpl.java:501)
	at com.sun.corba.ee.impl.presentation.rmi.StubInvocationHandlerImpl.privateInvoke(StubInvocationHandlerImpl.java:193)
	... 35 more
]]

