[2018-10-26T23:08:32.274+0200] [Payara 5.183] [INFOS] [NCLS-LOGGING-00009] [javax.enterprise.logging] [tid: _ThreadID=21 _ThreadName=RunLevelControllerThread-1540588111797] [timeMillis: 1540588112274] [levelValue: 800] [[
  Running Payara Version: Payara Server  5.183 #badassfish (build 380)]]

[2018-10-26T23:08:32.278+0200] [Payara 5.183] [INFOS] [NCLS-LOGGING-00010] [javax.enterprise.logging] [tid: _ThreadID=21 _ThreadName=RunLevelControllerThread-1540588111797] [timeMillis: 1540588112278] [levelValue: 800] [[
  Server log file is using Formatter class: com.sun.enterprise.server.logging.ODLLogFormatter]]

[2018-10-26T23:08:32.920+0200] [Payara 5.183] [INFO] [] [org.hibernate.validator.internal.util.Version] [tid: _ThreadID=20 _ThreadName=RunLevelControllerThread-1540588111795] [timeMillis: 1540588112920] [levelValue: 800] [[
  HV000001: Hibernate Validator 6.0.12.Final]]

[2018-10-26T23:08:33.372+0200] [Payara 5.183] [INFOS] [NCLS-CORE-00101] [javax.enterprise.system.core] [tid: _ThreadID=23 _ThreadName=RunLevelControllerThread-1540588111806] [timeMillis: 1540588113372] [levelValue: 800] [[
  Network Listener http-listener-1 started in: 21ms - bound to [/0.0.0.0:8080]]]

[2018-10-26T23:08:33.414+0200] [Payara 5.183] [INFOS] [NCLS-CORE-00101] [javax.enterprise.system.core] [tid: _ThreadID=23 _ThreadName=RunLevelControllerThread-1540588111806] [timeMillis: 1540588113414] [levelValue: 800] [[
  Network Listener http-listener-2 started in: 2ms - bound to [/0.0.0.0:8181]]]

[2018-10-26T23:08:33.433+0200] [Payara 5.183] [INFOS] [NCLS-CORE-00101] [javax.enterprise.system.core] [tid: _ThreadID=23 _ThreadName=RunLevelControllerThread-1540588111806] [timeMillis: 1540588113433] [levelValue: 800] [[
  Network Listener admin-listener started in: 1ms - bound to [/0.0.0.0:4848]]]

[2018-10-26T23:08:33.468+0200] [Payara 5.183] [INFOS] [NCLS-CORE-00087] [javax.enterprise.system.core] [tid: _ThreadID=23 _ThreadName=RunLevelControllerThread-1540588111806] [timeMillis: 1540588113468] [levelValue: 800] [[
  Grizzly 2.4.3 started in: 651ms - bound to [http-listener-1:8080, http-listener-2:8181, admin-listener:4848]]]

[2018-10-26T23:08:33.864+0200] [Payara 5.183] [INFOS] [] [org.glassfish.ha.store.spi.BackingStoreFactoryRegistry] [tid: _ThreadID=22 _ThreadName=RunLevelControllerThread-1540588111806] [timeMillis: 1540588113864] [levelValue: 800] [[
  Registered fish.payara.ha.hazelcast.store.HazelcastBackingStoreFactoryProxy for persistence-type = hazelcast in BackingStoreFactoryRegistry]]

[2018-10-26T23:08:34.089+0200] [Payara 5.183] [INFOS] [NCLS-CORE-00101] [javax.enterprise.system.core] [tid: _ThreadID=23 _ThreadName=RunLevelControllerThread-1540588111806] [timeMillis: 1540588114089] [levelValue: 800] [[
  Network Listener iiop-service started in: 19ms - bound to [/0.0.0.0:3700]]]

[2018-10-26T23:08:37.715+0200] [Payara 5.183] [INFOS] [] [fish.payara.nucleus.hazelcast.HazelcastCore] [tid: _ThreadID=20 _ThreadName=RunLevelControllerThread-1540588111795] [timeMillis: 1540588117715] [levelValue: 800] [[
  Hazelcast Instance Bound to JNDI at payara/Hazelcast]]

[2018-10-26T23:08:37.716+0200] [Payara 5.183] [INFOS] [] [fish.payara.nucleus.hazelcast.HazelcastCore] [tid: _ThreadID=20 _ThreadName=RunLevelControllerThread-1540588111795] [timeMillis: 1540588117716] [levelValue: 800] [[
  JSR107 Caching Provider Bound to JNDI at payara/CachingProvider]]

[2018-10-26T23:08:37.716+0200] [Payara 5.183] [INFOS] [] [fish.payara.nucleus.hazelcast.HazelcastCore] [tid: _ThreadID=20 _ThreadName=RunLevelControllerThread-1540588111795] [timeMillis: 1540588117716] [levelValue: 800] [[
  JSR107 Default Cache Manager Bound to JNDI at payara/CacheManager]]

[2018-10-26T23:08:37.734+0200] [Payara 5.183] [INFOS] [NCLS-CORE-00017] [javax.enterprise.system.core] [tid: _ThreadID=1 _ThreadName=main] [timeMillis: 1540588117734] [levelValue: 800] [[
  Payara Server  5.183 #badassfish (380) startup time : Felix (43 932ms), startup services(5 953ms), total(49 885ms)]]

[2018-10-26T23:08:37.728+0200] [Payara 5.183] [INFOS] [] [fish.payara.nucleus.cluster.PayaraCluster] [tid: _ThreadID=95 _ThreadName=Executor-Service-1] [timeMillis: 1540588117728] [levelValue: 800] [[
  Data Grid Status 
Payara Data Grid State: DG Version: 35 DG Size: 1
Instances: {
Address: /172.20.10.2:4900 UUID: 9a0d2219-ca95-40db-96f0-3d9087a67d82 Lite: false This: true Name: server Group: server-config
}]]

[2018-10-26T23:08:37.739+0200] [Payara 5.183] [INFOS] [] [fish.payara.nucleus.notification.NotificationService] [tid: _ThreadID=1 _ThreadName=main] [timeMillis: 1540588117739] [levelValue: 800] [[
  Payara Notification Service bootstrapped with configuration: NotificationExecutionOptions{enabled=true, notifierConfigurationExecutionOptionsList={LOG=LogNotifierConfigurationExecutionOptions{useSeparateLogFile=false} NotifierConfigurationExecutionOptions{notifierType=LOG, enabled=true, noisy=true}}}]]

[2018-10-26T23:08:49.693+0200] [Payara 5.183] [INFOS] [NCLS-SECURITY-01002] [javax.enterprise.system.core.security] [tid: _ThreadID=106 _ThreadName=admin-thread-pool::admin-listener(2)] [timeMillis: 1540588129693] [levelValue: 800] [[
  Java security manager is disabled.]]

[2018-10-26T23:08:49.694+0200] [Payara 5.183] [INFOS] [NCLS-SECURITY-01010] [javax.enterprise.system.core.security] [tid: _ThreadID=106 _ThreadName=admin-thread-pool::admin-listener(2)] [timeMillis: 1540588129694] [levelValue: 800] [[
  Entering Security Startup Service.]]

[2018-10-26T23:08:49.698+0200] [Payara 5.183] [INFOS] [NCLS-SECURITY-01143] [javax.enterprise.system.core.security] [tid: _ThreadID=106 _ThreadName=admin-thread-pool::admin-listener(2)] [timeMillis: 1540588129698] [levelValue: 800] [[
  Loading policy provider com.sun.enterprise.security.provider.PolicyWrapper.]]

[2018-10-26T23:08:49.739+0200] [Payara 5.183] [INFOS] [NCLS-SECURITY-01011] [javax.enterprise.system.core.security] [tid: _ThreadID=106 _ThreadName=admin-thread-pool::admin-listener(2)] [timeMillis: 1540588129739] [levelValue: 800] [[
  Security Service(s) started successfully.]]

[2018-10-26T23:08:50.379+0200] [Payara 5.183] [INFOS] [AS-WEB-GLUE-00198] [javax.enterprise.web] [tid: _ThreadID=106 _ThreadName=admin-thread-pool::admin-listener(2)] [timeMillis: 1540588130379] [levelValue: 800] [[
  Created HTTP listener http-listener-1 on host/port 0.0.0.0:8080]]

[2018-10-26T23:08:50.386+0200] [Payara 5.183] [INFOS] [AS-WEB-GLUE-00198] [javax.enterprise.web] [tid: _ThreadID=106 _ThreadName=admin-thread-pool::admin-listener(2)] [timeMillis: 1540588130386] [levelValue: 800] [[
  Created HTTP listener http-listener-2 on host/port 0.0.0.0:8181]]

[2018-10-26T23:08:50.388+0200] [Payara 5.183] [INFOS] [AS-WEB-GLUE-00198] [javax.enterprise.web] [tid: _ThreadID=106 _ThreadName=admin-thread-pool::admin-listener(2)] [timeMillis: 1540588130388] [levelValue: 800] [[
  Created HTTP listener admin-listener on host/port 0.0.0.0:4848]]

[2018-10-26T23:08:50.420+0200] [Payara 5.183] [INFOS] [AS-WEB-GLUE-00200] [javax.enterprise.web] [tid: _ThreadID=106 _ThreadName=admin-thread-pool::admin-listener(2)] [timeMillis: 1540588130420] [levelValue: 800] [[
  Created virtual server server]]

[2018-10-26T23:08:50.422+0200] [Payara 5.183] [INFOS] [AS-WEB-GLUE-00200] [javax.enterprise.web] [tid: _ThreadID=106 _ThreadName=admin-thread-pool::admin-listener(2)] [timeMillis: 1540588130422] [levelValue: 800] [[
  Created virtual server __asadmin]]

[2018-10-26T23:08:50.663+0200] [Payara 5.183] [INFOS] [AS-WEB-CORE-00306] [javax.enterprise.web.core] [tid: _ThreadID=106 _ThreadName=admin-thread-pool::admin-listener(2)] [timeMillis: 1540588130663] [levelValue: 800] [[
  Setting JAAS app name glassfish-web]]

[2018-10-26T23:08:50.664+0200] [Payara 5.183] [INFOS] [AS-WEB-GLUE-00201] [javax.enterprise.web] [tid: _ThreadID=106 _ThreadName=admin-thread-pool::admin-listener(2)] [timeMillis: 1540588130664] [levelValue: 800] [[
  Virtual server server loaded default web module ]]

[2018-10-26T23:08:53.061+0200] [Payara 5.183] [INFOS] [NCLS-CORE-00101] [javax.enterprise.system.core] [tid: _ThreadID=21 _ThreadName=RunLevelControllerThread-1540588111797] [timeMillis: 1540588133061] [levelValue: 800] [[
  Network Listener JMS_PROXY_default_JMS_host started in: 0ms - bound to [/0.0.0.0:7676]]]

[2018-10-26T23:09:00.237+0200] [Payara 5.183] [INFOS] [AS-WEB-GLUE-00172] [javax.enterprise.web] [tid: _ThreadID=106 _ThreadName=admin-thread-pool::admin-listener(2)] [timeMillis: 1540588140237] [levelValue: 800] [[
  Loading application [PAPWeb] at [/PAPWeb]]]

[2018-10-26T23:09:00.388+0200] [Payara 5.183] [INFOS] [] [javax.enterprise.system.core] [tid: _ThreadID=106 _ThreadName=admin-thread-pool::admin-listener(2)] [timeMillis: 1540588140388] [levelValue: 800] [[
  PAPWeb was successfully deployed in 11 426 milliseconds.]]

[2018-10-26T23:09:07.811+0200] [Payara 5.183] [INFOS] [NCLS-JMX-00005] [javax.enterprise.system.jmx] [tid: _ThreadID=114 _ThreadName=Thread-14] [timeMillis: 1540588147811] [levelValue: 800] [[
  JMXStartupService has started JMXConnector on JMXService URL service:jmx:rmi://0.0.0.0:8686/jndi/rmi://0.0.0.0:8686/jmxrmi]]

[2018-10-26T23:15:35.388+0200] [Payara 5.183] [INFOS] [AS-WEB-GLUE-00172] [javax.enterprise.web] [tid: _ThreadID=106 _ThreadName=admin-thread-pool::admin-listener(2)] [timeMillis: 1540588535388] [levelValue: 800] [[
  Loading application [PAPWeb] at [/PAPWeb]]]

[2018-10-26T23:15:35.425+0200] [Payara 5.183] [INFOS] [] [javax.enterprise.system.core] [tid: _ThreadID=106 _ThreadName=admin-thread-pool::admin-listener(2)] [timeMillis: 1540588535425] [levelValue: 800] [[
  PAPWeb was successfully deployed in 216 milliseconds.]]

[2018-10-26T23:16:03.270+0200] [Payara 5.183] [INFOS] [] [javax.enterprise.resource.corba.org.glassfish.enterprise.iiop.api] [tid: _ThreadID=29 _ThreadName=http-thread-pool::http-listener-1(1)] [timeMillis: 1540588563270] [levelValue: 800] [[
  GlassFishORBFactory service initialized.]]

[2018-10-26T23:16:34.967+0200] [Payara 5.183] [INFOS] [] [javax.enterprise.system.core.transaction.com.sun.jts.CosTransactions] [tid: _ThreadID=29 _ThreadName=http-thread-pool::http-listener-1(1)] [timeMillis: 1540588594967] [levelValue: 800] [[
  JTS5014: Recoverable JTS instance, serverId=[3700]]]

[2018-10-26T23:16:47.798+0200] [Payara 5.183] [INFOS] [] [] [tid: _ThreadID=29 _ThreadName=http-thread-pool::http-listener-1(1)] [timeMillis: 1540588607798] [levelValue: 800] [[
  PAP.SESSION._IApplication_Wrapper@fb419fce]]

[2018-10-26T23:16:47.801+0200] [Payara 5.183] [INFOS] [] [] [tid: _ThreadID=30 _ThreadName=http-thread-pool::http-listener-1(2)] [timeMillis: 1540588607801] [levelValue: 800] [[
  PAP.SESSION._IApplication_Wrapper@fb419fce]]

[2018-10-26T23:16:48.046+0200] [Payara 5.183] [GRAVE] [] [] [tid: _ThreadID=29 _ThreadName=http-thread-pool::http-listener-1(1)] [timeMillis: 1540588608046] [levelValue: 1000] [[
  javax.ejb.EJBException: java.rmi.RemoteException: CORBA NO_IMPLEMENT 1398079489 Maybe; nested exception is: 
	org.omg.CORBA.NO_IMPLEMENT: ----------BEGIN server-side stack trace----------
org.omg.CORBA.NO_IMPLEMENT: WARNING: 01000001: Missing local value implementation  vmcid: SUN  minor code: 1 completed: Maybe
	at com.sun.proxy.$Proxy221.missingLocalValueImpl(Unknown Source)
	at com.sun.corba.ee.impl.io.FVDCodeBaseImpl.implementation(FVDCodeBaseImpl.java:113)
	at com.sun.org.omg.SendingContext._CodeBaseImplBase._invoke(_CodeBaseImplBase.java:99)
	at com.sun.corba.ee.impl.protocol.ServerRequestDispatcherImpl.dispatchToServant(ServerRequestDispatcherImpl.java:528)
	at com.sun.corba.ee.impl.protocol.ServerRequestDispatcherImpl.dispatch(ServerRequestDispatcherImpl.java:199)
	at com.sun.corba.ee.impl.protocol.MessageMediatorImpl.handleRequestRequest(MessageMediatorImpl.java:1565)
	at com.sun.corba.ee.impl.protocol.MessageMediatorImpl.handleRequest(MessageMediatorImpl.java:1441)
	at com.sun.corba.ee.impl.protocol.MessageMediatorImpl.handleInput(MessageMediatorImpl.java:946)
	at com.sun.corba.ee.impl.protocol.giopmsgheaders.RequestMessage_1_2.callback(RequestMessage_1_2.java:213)
	at com.sun.corba.ee.impl.protocol.MessageMediatorImpl.handleRequest(MessageMediatorImpl.java:710)
	at com.sun.corba.ee.impl.protocol.MessageMediatorImpl.dispatch(MessageMediatorImpl.java:509)
	at com.sun.corba.ee.impl.protocol.MessageMediatorImpl.doWork(MessageMediatorImpl.java:2238)
	at com.sun.corba.ee.impl.threadpool.ThreadPoolImpl$TaskRunner.run(ThreadPoolImpl.java:189)
	at java.util.concurrent.Executors$RunnableAdapter.call(Executors.java:511)
	at java.util.concurrent.FutureTask.run(FutureTask.java:266)
	at java.util.concurrent.ThreadPoolExecutor.runWorker(ThreadPoolExecutor.java:1149)
	at java.util.concurrent.ThreadPoolExecutor$Worker.run(ThreadPoolExecutor.java:624)
	at java.lang.Thread.run(Thread.java:748)
Caused by: java.lang.ClassNotFoundException: PAP.EXCEPTION.AlreadyExistsUserException (no security manager: RMI class loader disabled)
	at sun.rmi.server.LoaderHandler.loadClass(LoaderHandler.java:396)
	at sun.rmi.server.LoaderHandler.loadClass(LoaderHandler.java:186)
	at java.rmi.server.RMIClassLoader$2.loadClass(RMIClassLoader.java:637)
	at java.rmi.server.RMIClassLoader.loadClass(RMIClassLoader.java:219)
	at java.rmi.server.RMIClassLoader.loadClass(RMIClassLoader.java:152)
	at com.sun.corba.ee.impl.util.JDKBridge.loadClassM(JDKBridge.java:335)
	at com.sun.corba.ee.impl.util.JDKBridge.loadClass(JDKBridge.java:236)
	at com.sun.corba.ee.impl.javax.rmi.CORBA.Util.loadClass(Util.java:640)
	at com.sun.corba.ee.impl.util.RepositoryId.getClassFromType(RepositoryId.java:574)
	at com.sun.corba.ee.impl.io.ValueHandlerImpl.getClassFromType(ValueHandlerImpl.java:376)
	at com.sun.corba.ee.impl.io.FVDCodeBaseImpl.implementation(FVDCodeBaseImpl.java:106)
	... 16 more

----------END server-side stack trace----------  vmcid: SUN  minor code: 1 completed: Maybe
	at PAP.SESSION._IApplication_Wrapper.subscribe(PAP/SESSION/_IApplication_Wrapper.java)
	at controler.dedie.CSubscribe.treatRequest(CSubscribe.java:49)
	at controler.CAppli.service(CAppli.java:44)
	at javax.servlet.http.HttpServlet.service(HttpServlet.java:791)
	at org.apache.catalina.core.StandardWrapper.service(StandardWrapper.java:1628)
	at org.apache.catalina.core.StandardWrapperValve.invoke(StandardWrapperValve.java:258)
	at org.apache.catalina.core.StandardContextValve.invoke(StandardContextValve.java:160)
	at org.apache.catalina.core.StandardPipeline.doInvoke(StandardPipeline.java:755)
	at org.apache.catalina.core.StandardPipeline.invoke(StandardPipeline.java:575)
	at com.sun.enterprise.web.WebPipeline.invoke(WebPipeline.java:99)
	at org.apache.catalina.core.StandardHostValve.invoke(StandardHostValve.java:159)
	at org.apache.catalina.connector.CoyoteAdapter.doService(CoyoteAdapter.java:371)
	at org.apache.catalina.connector.CoyoteAdapter.service(CoyoteAdapter.java:238)
	at com.sun.enterprise.v3.services.impl.ContainerMapper$HttpHandlerCallable.call(ContainerMapper.java:516)
	at com.sun.enterprise.v3.services.impl.ContainerMapper.service(ContainerMapper.java:213)
	at org.glassfish.grizzly.http.server.HttpHandler.runService(HttpHandler.java:182)
	at org.glassfish.grizzly.http.server.HttpHandler.doHandle(HttpHandler.java:156)
	at org.glassfish.grizzly.http.server.HttpServerFilter.handleRead(HttpServerFilter.java:218)
	at org.glassfish.grizzly.filterchain.ExecutorResolver$9.execute(ExecutorResolver.java:95)
	at org.glassfish.grizzly.filterchain.DefaultFilterChain.executeFilter(DefaultFilterChain.java:260)
	at org.glassfish.grizzly.filterchain.DefaultFilterChain.executeChainPart(DefaultFilterChain.java:177)
	at org.glassfish.grizzly.filterchain.DefaultFilterChain.execute(DefaultFilterChain.java:109)
	at org.glassfish.grizzly.filterchain.DefaultFilterChain.process(DefaultFilterChain.java:88)
	at org.glassfish.grizzly.ProcessorExecutor.execute(ProcessorExecutor.java:53)
	at org.glassfish.grizzly.nio.transport.TCPNIOTransport.fireIOEvent(TCPNIOTransport.java:524)
	at org.glassfish.grizzly.strategies.AbstractIOStrategy.fireIOEvent(AbstractIOStrategy.java:89)
	at org.glassfish.grizzly.strategies.WorkerThreadIOStrategy.run0(WorkerThreadIOStrategy.java:94)
	at org.glassfish.grizzly.strategies.WorkerThreadIOStrategy.access$100(WorkerThreadIOStrategy.java:33)
	at org.glassfish.grizzly.strategies.WorkerThreadIOStrategy$WorkerThreadRunnable.run(WorkerThreadIOStrategy.java:114)
	at org.glassfish.grizzly.threadpool.AbstractThreadPool$Worker.doWork(AbstractThreadPool.java:569)
	at org.glassfish.grizzly.threadpool.AbstractThreadPool$Worker.run(AbstractThreadPool.java:549)
	at java.lang.Thread.run(Thread.java:748)
Caused by: java.rmi.RemoteException: CORBA NO_IMPLEMENT 1398079489 Maybe; nested exception is: 
	org.omg.CORBA.NO_IMPLEMENT: ----------BEGIN server-side stack trace----------
org.omg.CORBA.NO_IMPLEMENT: WARNING: 01000001: Missing local value implementation  vmcid: SUN  minor code: 1 completed: Maybe
	at com.sun.proxy.$Proxy221.missingLocalValueImpl(Unknown Source)
	at com.sun.corba.ee.impl.io.FVDCodeBaseImpl.implementation(FVDCodeBaseImpl.java:113)
	at com.sun.org.omg.SendingContext._CodeBaseImplBase._invoke(_CodeBaseImplBase.java:99)
	at com.sun.corba.ee.impl.protocol.ServerRequestDispatcherImpl.dispatchToServant(ServerRequestDispatcherImpl.java:528)
	at com.sun.corba.ee.impl.protocol.ServerRequestDispatcherImpl.dispatch(ServerRequestDispatcherImpl.java:199)
	at com.sun.corba.ee.impl.protocol.MessageMediatorImpl.handleRequestRequest(MessageMediatorImpl.java:1565)
	at com.sun.corba.ee.impl.protocol.MessageMediatorImpl.handleRequest(MessageMediatorImpl.java:1441)
	at com.sun.corba.ee.impl.protocol.MessageMediatorImpl.handleInput(MessageMediatorImpl.java:946)
	at com.sun.corba.ee.impl.protocol.giopmsgheaders.RequestMessage_1_2.callback(RequestMessage_1_2.java:213)
	at com.sun.corba.ee.impl.protocol.MessageMediatorImpl.handleRequest(MessageMediatorImpl.java:710)
	at com.sun.corba.ee.impl.protocol.MessageMediatorImpl.dispatch(MessageMediatorImpl.java:509)
	at com.sun.corba.ee.impl.protocol.MessageMediatorImpl.doWork(MessageMediatorImpl.java:2238)
	at com.sun.corba.ee.impl.threadpool.ThreadPoolImpl$TaskRunner.run(ThreadPoolImpl.java:189)
	at java.util.concurrent.Executors$RunnableAdapter.call(Executors.java:511)
	at java.util.concurrent.FutureTask.run(FutureTask.java:266)
	at java.util.concurrent.ThreadPoolExecutor.runWorker(ThreadPoolExecutor.java:1149)
	at java.util.concurrent.ThreadPoolExecutor$Worker.run(ThreadPoolExecutor.java:624)
	at java.lang.Thread.run(Thread.java:748)
Caused by: java.lang.ClassNotFoundException: PAP.EXCEPTION.AlreadyExistsUserException (no security manager: RMI class loader disabled)
	at sun.rmi.server.LoaderHandler.loadClass(LoaderHandler.java:396)
	at sun.rmi.server.LoaderHandler.loadClass(LoaderHandler.java:186)
	at java.rmi.server.RMIClassLoader$2.loadClass(RMIClassLoader.java:637)
	at java.rmi.server.RMIClassLoader.loadClass(RMIClassLoader.java:219)
	at java.rmi.server.RMIClassLoader.loadClass(RMIClassLoader.java:152)
	at com.sun.corba.ee.impl.util.JDKBridge.loadClassM(JDKBridge.java:335)
	at com.sun.corba.ee.impl.util.JDKBridge.loadClass(JDKBridge.java:236)
	at com.sun.corba.ee.impl.javax.rmi.CORBA.Util.loadClass(Util.java:640)
	at com.sun.corba.ee.impl.util.RepositoryId.getClassFromType(RepositoryId.java:574)
	at com.sun.corba.ee.impl.io.ValueHandlerImpl.getClassFromType(ValueHandlerImpl.java:376)
	at com.sun.corba.ee.impl.io.FVDCodeBaseImpl.implementation(FVDCodeBaseImpl.java:106)
	... 16 more

----------END server-side stack trace----------  vmcid: SUN  minor code: 1 completed: Maybe
	at com.sun.corba.ee.impl.javax.rmi.CORBA.Util.mapSystemException(Util.java:311)
	at com.sun.corba.ee.impl.presentation.rmi.StubInvocationHandlerImpl.privateInvoke(StubInvocationHandlerImpl.java:201)
	at com.sun.corba.ee.impl.presentation.rmi.StubInvocationHandlerImpl.invoke(StubInvocationHandlerImpl.java:140)
	at com.sun.corba.ee.impl.presentation.rmi.codegen.CodegenStubBase.invoke(CodegenStubBase.java:226)
	at PAP.SESSION.__IApplication_Remote_DynamicStub.subscribe(PAP/SESSION/__IApplication_Remote_DynamicStub.java)
	... 32 more
Caused by: org.omg.CORBA.NO_IMPLEMENT: ----------BEGIN server-side stack trace----------
org.omg.CORBA.NO_IMPLEMENT: WARNING: 01000001: Missing local value implementation  vmcid: SUN  minor code: 1 completed: Maybe
	at com.sun.proxy.$Proxy221.missingLocalValueImpl(Unknown Source)
	at com.sun.corba.ee.impl.io.FVDCodeBaseImpl.implementation(FVDCodeBaseImpl.java:113)
	at com.sun.org.omg.SendingContext._CodeBaseImplBase._invoke(_CodeBaseImplBase.java:99)
	at com.sun.corba.ee.impl.protocol.ServerRequestDispatcherImpl.dispatchToServant(ServerRequestDispatcherImpl.java:528)
	at com.sun.corba.ee.impl.protocol.ServerRequestDispatcherImpl.dispatch(ServerRequestDispatcherImpl.java:199)
	at com.sun.corba.ee.impl.protocol.MessageMediatorImpl.handleRequestRequest(MessageMediatorImpl.java:1565)
	at com.sun.corba.ee.impl.protocol.MessageMediatorImpl.handleRequest(MessageMediatorImpl.java:1441)
	at com.sun.corba.ee.impl.protocol.MessageMediatorImpl.handleInput(MessageMediatorImpl.java:946)
	at com.sun.corba.ee.impl.protocol.giopmsgheaders.RequestMessage_1_2.callback(RequestMessage_1_2.java:213)
	at com.sun.corba.ee.impl.protocol.MessageMediatorImpl.handleRequest(MessageMediatorImpl.java:710)
	at com.sun.corba.ee.impl.protocol.MessageMediatorImpl.dispatch(MessageMediatorImpl.java:509)
	at com.sun.corba.ee.impl.protocol.MessageMediatorImpl.doWork(MessageMediatorImpl.java:2238)
	at com.sun.corba.ee.impl.threadpool.ThreadPoolImpl$TaskRunner.run(ThreadPoolImpl.java:189)
	at java.util.concurrent.Executors$RunnableAdapter.call(Executors.java:511)
	at java.util.concurrent.FutureTask.run(FutureTask.java:266)
	at java.util.concurrent.ThreadPoolExecutor.runWorker(ThreadPoolExecutor.java:1149)
	at java.util.concurrent.ThreadPoolExecutor$Worker.run(ThreadPoolExecutor.java:624)
	at java.lang.Thread.run(Thread.java:748)
Caused by: java.lang.ClassNotFoundException: PAP.EXCEPTION.AlreadyExistsUserException (no security manager: RMI class loader disabled)
	at sun.rmi.server.LoaderHandler.loadClass(LoaderHandler.java:396)
	at sun.rmi.server.LoaderHandler.loadClass(LoaderHandler.java:186)
	at java.rmi.server.RMIClassLoader$2.loadClass(RMIClassLoader.java:637)
	at java.rmi.server.RMIClassLoader.loadClass(RMIClassLoader.java:219)
	at java.rmi.server.RMIClassLoader.loadClass(RMIClassLoader.java:152)
	at com.sun.corba.ee.impl.util.JDKBridge.loadClassM(JDKBridge.java:335)
	at com.sun.corba.ee.impl.util.JDKBridge.loadClass(JDKBridge.java:236)
	at com.sun.corba.ee.impl.javax.rmi.CORBA.Util.loadClass(Util.java:640)
	at com.sun.corba.ee.impl.util.RepositoryId.getClassFromType(RepositoryId.java:574)
	at com.sun.corba.ee.impl.io.ValueHandlerImpl.getClassFromType(ValueHandlerImpl.java:376)
	at com.sun.corba.ee.impl.io.FVDCodeBaseImpl.implementation(FVDCodeBaseImpl.java:106)
	... 16 more

----------END server-side stack trace----------  vmcid: SUN  minor code: 1 completed: Maybe
	at sun.reflect.NativeConstructorAccessorImpl.newInstance0(Native Method)
	at sun.reflect.NativeConstructorAccessorImpl.newInstance(NativeConstructorAccessorImpl.java:62)
	at sun.reflect.DelegatingConstructorAccessorImpl.newInstance(DelegatingConstructorAccessorImpl.java:45)
	at java.lang.reflect.Constructor.newInstance(Constructor.java:423)
	at com.sun.corba.ee.impl.protocol.giopmsgheaders.MessageBase.getSystemException(MessageBase.java:813)
	at com.sun.corba.ee.impl.protocol.giopmsgheaders.ReplyMessage_1_2.getSystemException(ReplyMessage_1_2.java:131)
	at com.sun.corba.ee.impl.protocol.MessageMediatorImpl.getSystemExceptionReply(MessageMediatorImpl.java:610)
	at com.sun.corba.ee.impl.protocol.ClientRequestDispatcherImpl.processResponse(ClientRequestDispatcherImpl.java:506)
	at com.sun.corba.ee.impl.protocol.ClientRequestDispatcherImpl.marshalingComplete(ClientRequestDispatcherImpl.java:378)
	at com.sun.corba.ee.impl.protocol.ClientDelegateImpl.invoke(ClientDelegateImpl.java:259)
	at org.omg.CORBA.portable.ObjectImpl._invoke(ObjectImpl.java:475)
	at com.sun.org.omg.SendingContext._CodeBaseStub.implementation(_CodeBaseStub.java:96)
	at com.sun.corba.ee.impl.encoding.CachedCodeBase.implementation(CachedCodeBase.java:119)
	at com.sun.corba.ee.impl.encoding.CDRInputStream_1_0.getClassFromString(CDRInputStream_1_0.java:2051)
	at com.sun.corba.ee.impl.encoding.CDRInputStream_1_0.read_value(CDRInputStream_1_0.java:903)
	at com.sun.corba.ee.impl.encoding.CDRInputObject.read_value(CDRInputObject.java:518)
	at com.sun.corba.ee.impl.presentation.rmi.ExceptionHandlerImpl$ExceptionRWRMIImpl.read(ExceptionHandlerImpl.java:180)
	at com.sun.corba.ee.impl.presentation.rmi.ExceptionHandlerImpl.readException(ExceptionHandlerImpl.java:290)
	at com.sun.corba.ee.impl.presentation.rmi.DynamicMethodMarshallerImpl.readException(DynamicMethodMarshallerImpl.java:501)
	at com.sun.corba.ee.impl.presentation.rmi.StubInvocationHandlerImpl.privateInvoke(StubInvocationHandlerImpl.java:193)
	... 35 more
]]

[2018-10-26T23:32:12.171+0200] [Payara 5.183] [AVERTISSEMENT] [] [com.hazelcast.spi.impl.operationservice.impl.InvocationMonitor] [tid: _ThreadID=79 _ThreadName=hz._hzInstance_1_development.InvocationMonitorThread] [timeMillis: 1540589532171] [levelValue: 900] [[
  [172.20.10.2]:4900 [development] [3.10.2] MonitorInvocationsTask delayed 647510 ms]]

[2018-10-26T23:32:12.618+0200] [Payara 5.183] [AVERTISSEMENT] [] [com.hazelcast.internal.cluster.impl.ClusterHeartbeatManager] [tid: _ThreadID=80 _ThreadName=hz._hzInstance_1_development.cached.thread-2] [timeMillis: 1540589532618] [levelValue: 900] [[
  [172.20.10.2]:4900 [development] [3.10.2] Resetting heartbeat timestamps because of huge system clock jump! Clock-Jump: 646975 ms, Heartbeat-Timeout: 60000 ms]]

[2018-10-26T23:32:22.627+0200] [Payara 5.183] [AVERTISSEMENT] [] [com.hazelcast.spi.impl.operationservice.impl.InvocationMonitor] [tid: _ThreadID=79 _ThreadName=hz._hzInstance_1_development.InvocationMonitorThread] [timeMillis: 1540589542627] [levelValue: 900] [[
  [172.20.10.2]:4900 [development] [3.10.2] BroadcastOperationControlTask delayed 646977 ms]]

[2018-10-26T23:36:25.160+0200] [Payara 5.183] [AVERTISSEMENT] [] [com.hazelcast.spi.impl.operationservice.impl.InvocationMonitor] [tid: _ThreadID=79 _ThreadName=hz._hzInstance_1_development.InvocationMonitorThread] [timeMillis: 1540589785160] [levelValue: 900] [[
  [172.20.10.2]:4900 [development] [3.10.2] MonitorInvocationsTask delayed 214532 ms]]

[2018-10-26T23:36:26.772+0200] [Payara 5.183] [AVERTISSEMENT] [] [com.hazelcast.internal.cluster.impl.ClusterHeartbeatManager] [tid: _ThreadID=164 _ThreadName=hz._hzInstance_1_development.cached.thread-3] [timeMillis: 1540589786772] [levelValue: 900] [[
  [172.20.10.2]:4900 [development] [3.10.2] Resetting heartbeat timestamps because of huge system clock jump! Clock-Jump: 214159 ms, Heartbeat-Timeout: 60000 ms]]

[2018-10-26T23:36:26.775+0200] [Payara 5.183] [AVERTISSEMENT] [] [com.hazelcast.spi.impl.operationservice.impl.InvocationMonitor] [tid: _ThreadID=79 _ThreadName=hz._hzInstance_1_development.InvocationMonitorThread] [timeMillis: 1540589786775] [levelValue: 900] [[
  [172.20.10.2]:4900 [development] [3.10.2] BroadcastOperationControlTask delayed 214155 ms]]

[2018-10-26T23:37:48.591+0200] [Payara 5.183] [AVERTISSEMENT] [] [com.hazelcast.spi.impl.operationservice.impl.InvocationMonitor] [tid: _ThreadID=79 _ThreadName=hz._hzInstance_1_development.InvocationMonitorThread] [timeMillis: 1540589868591] [levelValue: 900] [[
  [172.20.10.2]:4900 [development] [3.10.2] MonitorInvocationsTask delayed 25681 ms]]

[2018-10-26T23:37:48.604+0200] [Payara 5.183] [AVERTISSEMENT] [] [com.hazelcast.spi.impl.operationservice.impl.InvocationMonitor] [tid: _ThreadID=79 _ThreadName=hz._hzInstance_1_development.InvocationMonitorThread] [timeMillis: 1540589868604] [levelValue: 900] [[
  [172.20.10.2]:4900 [development] [3.10.2] BroadcastOperationControlTask delayed 21825 ms]]

[2018-10-27T00:51:16.231+0200] [Payara 5.183] [AVERTISSEMENT] [] [com.hazelcast.spi.impl.operationservice.impl.InvocationMonitor] [tid: _ThreadID=79 _ThreadName=hz._hzInstance_1_development.InvocationMonitorThread] [timeMillis: 1540594276231] [levelValue: 900] [[
  [172.20.10.2]:4900 [development] [3.10.2] MonitorInvocationsTask delayed 1199910 ms]]

[2018-10-27T00:51:18.678+0200] [Payara 5.183] [AVERTISSEMENT] [] [com.hazelcast.internal.cluster.impl.ClusterHeartbeatManager] [tid: _ThreadID=244 _ThreadName=hz._hzInstance_1_development.cached.thread-7] [timeMillis: 1540594278678] [levelValue: 900] [[
  [172.20.10.2]:4900 [development] [3.10.2] Resetting heartbeat timestamps because of huge system clock jump! Clock-Jump: 1199369 ms, Heartbeat-Timeout: 60000 ms]]

[2018-10-27T00:51:23.685+0200] [Payara 5.183] [AVERTISSEMENT] [] [com.hazelcast.spi.impl.operationservice.impl.InvocationMonitor] [tid: _ThreadID=79 _ThreadName=hz._hzInstance_1_development.InvocationMonitorThread] [timeMillis: 1540594283685] [levelValue: 900] [[
  [172.20.10.2]:4900 [development] [3.10.2] BroadcastOperationControlTask delayed 1199365 ms]]

[2018-10-27T03:31:14.231+0200] [Payara 5.183] [AVERTISSEMENT] [] [com.hazelcast.spi.impl.operationservice.impl.InvocationMonitor] [tid: _ThreadID=79 _ThreadName=hz._hzInstance_1_development.InvocationMonitorThread] [timeMillis: 1540603874231] [levelValue: 900] [[
  [172.20.10.2]:4900 [development] [3.10.2] MonitorInvocationsTask delayed 9563546 ms]]

[2018-10-27T03:31:15.887+0200] [Payara 5.183] [AVERTISSEMENT] [] [com.hazelcast.internal.cluster.impl.ClusterHeartbeatManager] [tid: _ThreadID=247 _ThreadName=hz._hzInstance_1_development.cached.thread-8] [timeMillis: 1540603875887] [levelValue: 900] [[
  [172.20.10.2]:4900 [development] [3.10.2] Resetting heartbeat timestamps because of huge system clock jump! Clock-Jump: 9562217 ms, Heartbeat-Timeout: 60000 ms]]

[2018-10-27T03:31:15.897+0200] [Payara 5.183] [AVERTISSEMENT] [] [com.hazelcast.spi.impl.operationservice.impl.InvocationMonitor] [tid: _ThreadID=79 _ThreadName=hz._hzInstance_1_development.InvocationMonitorThread] [timeMillis: 1540603875897] [levelValue: 900] [[
  [172.20.10.2]:4900 [development] [3.10.2] BroadcastOperationControlTask delayed 9562220 ms]]

[2018-10-27T09:42:42.635+0200] [Payara 5.183] [AVERTISSEMENT] [] [com.hazelcast.spi.impl.operationservice.impl.InvocationMonitor] [tid: _ThreadID=79 _ThreadName=hz._hzInstance_1_development.InvocationMonitorThread] [timeMillis: 1540626162635] [levelValue: 900] [[
  [172.20.10.2]:4900 [development] [3.10.2] MonitorInvocationsTask delayed 22265636 ms]]

[2018-10-27T09:42:42.683+0200] [Payara 5.183] [AVERTISSEMENT] [] [com.hazelcast.internal.cluster.impl.ClusterHeartbeatManager] [tid: _ThreadID=244 _ThreadName=hz._hzInstance_1_development.cached.thread-7] [timeMillis: 1540626162683] [levelValue: 900] [[
  [172.20.10.2]:4900 [development] [3.10.2] Resetting heartbeat timestamps because of huge system clock jump! Clock-Jump: 22261667 ms, Heartbeat-Timeout: 60000 ms]]

[2018-10-27T09:42:42.773+0200] [Payara 5.183] [AVERTISSEMENT] [] [com.hazelcast.spi.impl.operationservice.impl.InvocationMonitor] [tid: _ThreadID=79 _ThreadName=hz._hzInstance_1_development.InvocationMonitorThread] [timeMillis: 1540626162773] [levelValue: 900] [[
  [172.20.10.2]:4900 [development] [3.10.2] BroadcastOperationControlTask delayed 22256873 ms]]

[2018-10-27T09:46:35.549+0200] [Payara 5.183] [AVERTISSEMENT] [] [com.hazelcast.spi.impl.operationservice.impl.InvocationMonitor] [tid: _ThreadID=79 _ThreadName=hz._hzInstance_1_development.InvocationMonitorThread] [timeMillis: 1540626395549] [levelValue: 900] [[
  [172.20.10.2]:4900 [development] [3.10.2] MonitorInvocationsTask delayed 195870 ms]]

[2018-10-27T09:46:35.598+0200] [Payara 5.183] [AVERTISSEMENT] [] [com.hazelcast.internal.cluster.impl.ClusterHeartbeatManager] [tid: _ThreadID=248 _ThreadName=hz._hzInstance_1_development.cached.thread-6] [timeMillis: 1540626395598] [levelValue: 900] [[
  [172.20.10.2]:4900 [development] [3.10.2] Resetting heartbeat timestamps because of huge system clock jump! Clock-Jump: 194905 ms, Heartbeat-Timeout: 60000 ms]]

[2018-10-27T09:46:35.706+0200] [Payara 5.183] [AVERTISSEMENT] [] [com.hazelcast.spi.impl.operationservice.impl.InvocationMonitor] [tid: _ThreadID=79 _ThreadName=hz._hzInstance_1_development.InvocationMonitorThread] [timeMillis: 1540626395706] [levelValue: 900] [[
  [172.20.10.2]:4900 [development] [3.10.2] BroadcastOperationControlTask delayed 190042 ms]]

[2018-10-27T09:57:08.341+0200] [Payara 5.183] [AVERTISSEMENT] [NCLS-LOGGING-00004] [javax.enterprise.logging] [tid: _ThreadID=253 _ThreadName=Executor-Service-25] [timeMillis: 1540627028341] [levelValue: 900] [[
  The logging configuration file /Users/ylgn/Downloads/payara5 2/glassfish/domains/domain1/config/logging.properties has been deleted.]]

